Using pre-set license
Built from '2020.3/release' branch; Version is '2020.3.12f1 (b3b2c6512326) revision 11776710'; Using compiler version '192528614'; Build Type 'Release'
OS: 'Windows 10 Home; OS build 19041.1052; Version 2004; 64bit' Language: 'zh' Physical Memory: 3963 MB
BatchMode: 1, IsHumanControllingUs: 0, StartBugReporterOnCrash: 0, Is64bit: 1, IsPro: 0

 COMMAND LINE ARGUMENTS:
C:\Program Files\Unity\Hub\Editor\2020.3.12f1\Editor\Unity.exe
-adb2
-batchMode
-noUpm
-name
AssetImportWorker1
-projectPath
D:/Github/Unity-210626-data/2D Games
-logFile
Logs/AssetImportWorker1.log
-srvPort
49337
Successfully changed project path to: D:/Github/Unity-210626-data/2D Games
D:/Github/Unity-210626-data/2D Games
Using Asset Import Pipeline V2.
Refreshing native plugins compatible for Editor in 228.41 ms, found 3 plugins.
Preloading 0 native plugins for Editor in 0.00 ms.
Initialize engine version: 2020.3.12f1 (b3b2c6512326)
[Subsystems] Discovering subsystems at path C:/Program Files/Unity/Hub/Editor/2020.3.12f1/Editor/Data/Resources/UnitySubsystems
[Subsystems] Discovering subsystems at path D:/Github/Unity-210626-data/2D Games/Assets
GfxDevice: creating device client; threaded=0
Direct3D:
    Version:  Direct3D 11.0 [level 11.0]
    Renderer: NVIDIA GeForce 930MX (ID=0x134e)
    Vendor:   
    VRAM:     2020 MB
    Driver:   23.21.13.8857
Initialize mono
Mono path[0] = 'C:/Program Files/Unity/Hub/Editor/2020.3.12f1/Editor/Data/Managed'
Mono path[1] = 'C:/Program Files/Unity/Hub/Editor/2020.3.12f1/Editor/Data/MonoBleedingEdge/lib/mono/unityjit'
Mono config path = 'C:/Program Files/Unity/Hub/Editor/2020.3.12f1/Editor/Data/MonoBleedingEdge/etc'
Using monoOptions --debugger-agent=transport=dt_socket,embedding=1,server=y,suspend=n,address=127.0.0.1:56972
Begin MonoManager ReloadAssembly
Registering precompiled unity dll's ...
Register platform support module: C:/Program Files/Unity/Hub/Editor/2020.3.12f1/Editor/Data/PlaybackEngines/WindowsStandaloneSupport/UnityEditor.WindowsStandalone.Extensions.dll
Registered in 0.003513 seconds.
Native extension for WindowsStandalone target not found
Refreshing native plugins compatible for Editor in 92.34 ms, found 3 plugins.
Preloading 0 native plugins for Editor in 0.00 ms.
Mono: successfully reloaded assembly
- Completed reload, in  2.992 seconds
Platform modules already initialized, skipping
Registering precompiled user dll's ...
Registered in 0.005896 seconds.
Begin MonoManager ReloadAssembly
Native extension for WindowsStandalone target not found
Refreshing native plugins compatible for Editor in 102.10 ms, found 3 plugins.
Preloading 0 native plugins for Editor in 0.00 ms.
Mono: successfully reloaded assembly
- Completed reload, in  3.608 seconds
Platform modules already initialized, skipping
========================================================================
Worker process is ready to serve import requests
Launched and connected shader compiler UnityShaderCompiler.exe after 0.51 seconds
Refreshing native plugins compatible for Editor in 0.73 ms, found 3 plugins.
Preloading 0 native plugins for Editor in 0.00 ms.
Unloading 2080 Unused Serialized files (Serialized files now loaded: 0)
System memory in use before: 93.3 MB.
System memory in use after: 93.3 MB.

Unloading 33 unused Assets to reduce memory usage. Loaded Objects now: 2517.
Total: 3.875600 ms (FindLiveObjects: 0.378400 ms CreateObjectMapping: 0.188400 ms MarkObjects: 2.925100 ms  DeleteObjects: 0.381600 ms)

AssetImportParameters requested are different than current active one (requested -> active):
  custom:framework-win-MediaFoundation: 216162199b28c13a410421893ffa2e32 -> 
  custom:video-decoder-ogg-theora: a1e56fd34408186e4bbccfd4996cb3dc -> 
  custom:container-muxer-webm: aa71ff27fc2769a1b78a27578f13a17b -> 
  custom:container-demuxer-webm: 4f35f7cbe854078d1ac9338744f61a02 -> 
  custom:container-demuxer-ogg: 62fdf1f143b41e24485cea50d1cbac27 -> 
  custom:video-encoder-webm-vp8: eb34c28f22e8b96e1ab97ce403110664 -> 
  custom:video-codec-MediaFoundation-h265: 746d11721c4dcdbdad8f713fa42b33f4 -> 
  custom:video-decoder-webm-vp8: 9c59270c3fd7afecdb556c50c9e8de78 -> 
  custom:audio-decoder-ogg-vorbis: bf7c407c2cedff20999df2af8eb42d56 -> 
  custom:audio-encoder-webm-vorbis: bf7c407c2cedff20999df2af8eb42d56 -> 
========================================================================
Received Import Request.
  path: Assets/Cainos/Pixel Art Platformer - Village Props/Texture/TX Village Props.png
  artifactKey: Guid(7810966f0f690954c87305933cabf2b0) Importer(815301076,1909f56bfc062723c751e8b465ee728b)
Start importing Assets/Cainos/Pixel Art Platformer - Village Props/Texture/TX Village Props.png using Guid(7810966f0f690954c87305933cabf2b0) Importer(815301076,1909f56bfc062723c751e8b465ee728b)  -> (artifact id: '626dc4fb1128b8b425f7531e5564a026') in 2.076337 seconds 
  Import took 2.144090 seconds .

========================================================================
Received Import Request.
  Time since last request: 17.851331 seconds.
  path: Assets/場景/遊戲場景.unity
  artifactKey: Guid(6d50832e529b8324a9cd156e89171aff) Importer(815301076,1909f56bfc062723c751e8b465ee728b)
Start importing Assets/場景/遊戲場景.unity using Guid(6d50832e529b8324a9cd156e89171aff) Importer(815301076,1909f56bfc062723c751e8b465ee728b)  -> (artifact id: '6d8820c9506c107ee7c5cf72c1a46582') in 0.032449 seconds 
  Import took 0.120992 seconds .

========================================================================
Received Import Request.
  Time since last request: 169.279297 seconds.
  path: Assets/拼接素材/雜物.prefab
  artifactKey: Guid(77bb5ebb98899514fae3244c06212c37) Importer(815301076,1909f56bfc062723c751e8b465ee728b)
Start importing Assets/拼接素材/雜物.prefab using Guid(77bb5ebb98899514fae3244c06212c37) Importer(815301076,1909f56bfc062723c751e8b465ee728b)  -> (artifact id: 'a543f4d0608150f3e3b554d8bcd496be') in 0.156708 seconds 
  Import took 0.210348 seconds .

========================================================================
Received Import Request.
  Time since last request: 262.073886 seconds.
  path: Assets/Cainos/Pixel Art Platformer - Village Props/Texture/TX Village Props.png
  artifactKey: Guid(7810966f0f690954c87305933cabf2b0) Importer(815301076,1909f56bfc062723c751e8b465ee728b)
Start importing Assets/Cainos/Pixel Art Platformer - Village Props/Texture/TX Village Props.png using Guid(7810966f0f690954c87305933cabf2b0) Importer(815301076,1909f56bfc062723c751e8b465ee728b)  -> (artifact id: '1317ade1381fdae6b6dcb68b448eb3d9') in 0.854680 seconds 
  Import took 0.941656 seconds .

========================================================================
Received Import Request.
  Time since last request: 4.115282 seconds.
  path: Assets/Cainos/Pixel Art Platformer - Village Props/Texture/TX Village Props.png
  artifactKey: Guid(7810966f0f690954c87305933cabf2b0) Importer(815301076,1909f56bfc062723c751e8b465ee728b)
Start importing Assets/Cainos/Pixel Art Platformer - Village Props/Texture/TX Village Props.png using Guid(7810966f0f690954c87305933cabf2b0) Importer(815301076,1909f56bfc062723c751e8b465ee728b)  -> (artifact id: 'e48d5665df40ba927f55e000fedc830f') in 0.402816 seconds 
  Import took 0.432756 seconds .

========================================================================
Received Import Request.
  Time since last request: 78.990380 seconds.
  path: Assets/PlayerAllAnim/Player_01.png
  artifactKey: Guid(9ce0a73f90a679c4ba20e655e9303ea7) Importer(815301076,1909f56bfc062723c751e8b465ee728b)
Start importing Assets/PlayerAllAnim/Player_01.png using Guid(9ce0a73f90a679c4ba20e655e9303ea7) Importer(815301076,1909f56bfc062723c751e8b465ee728b)  -> (artifact id: 'c09a990951a396f1cbb779af2cac9974') in 0.117718 seconds 
  Import took 0.154588 seconds .

========================================================================
Received Import Request.
  Time since last request: 0.000360 seconds.
  path: Assets/PlayerAllAnim/Player_08.png
  artifactKey: Guid(ff791556d8d123d468677f54c937a262) Importer(815301076,1909f56bfc062723c751e8b465ee728b)
Start importing Assets/PlayerAllAnim/Player_08.png using Guid(ff791556d8d123d468677f54c937a262) Importer(815301076,1909f56bfc062723c751e8b465ee728b)  -> (artifact id: '5b42e33629c69fab1b694555fed613b7') in 0.054847 seconds 
  Import took 0.086556 seconds .

========================================================================
Received Import Request.
  Time since last request: 0.000329 seconds.
  path: Assets/PlayerAllAnim/Player_04.png
  artifactKey: Guid(0afbe56afabca6840b02be12376a21cf) Importer(815301076,1909f56bfc062723c751e8b465ee728b)
Start importing Assets/PlayerAllAnim/Player_04.png using Guid(0afbe56afabca6840b02be12376a21cf) Importer(815301076,1909f56bfc062723c751e8b465ee728b)  -> (artifact id: 'c7d81eca4b8ea4683bc6e0affd9d8233') in 0.082626 seconds 
  Import took 0.113582 seconds .

========================================================================
Received Import Request.
  Time since last request: 0.000332 seconds.
  path: Assets/PlayerAllAnim/Player_03.png
  artifactKey: Guid(a66b47e46b33d36438d37d9d03a02357) Importer(815301076,1909f56bfc062723c751e8b465ee728b)
Start importing Assets/PlayerAllAnim/Player_03.png using Guid(a66b47e46b33d36438d37d9d03a02357) Importer(815301076,1909f56bfc062723c751e8b465ee728b)  -> (artifact id: '1b2a6e0b974187f6f3402732d045b6da') in 0.061587 seconds 
  Import took 0.099972 seconds .

========================================================================
Received Import Request.
  Time since last request: 0.000414 seconds.
  path: Assets/PlayerAllAnim/Player_09.png
  artifactKey: Guid(379bd0dba5e08c848a4998794c45efa3) Importer(815301076,1909f56bfc062723c751e8b465ee728b)
Start importing Assets/PlayerAllAnim/Player_09.png using Guid(379bd0dba5e08c848a4998794c45efa3) Importer(815301076,1909f56bfc062723c751e8b465ee728b)  -> (artifact id: 'd71c8884125b496a7d99792cccaf924a') in 0.053546 seconds 
  Import took 0.074111 seconds .

========================================================================
Received Import Request.
  Time since last request: 0.000378 seconds.
  path: Assets/PlayerAllAnim/Player_13.png
  artifactKey: Guid(27a1c9e3d75324f49a225eaa9260e68f) Importer(815301076,1909f56bfc062723c751e8b465ee728b)
Start importing Assets/PlayerAllAnim/Player_13.png using Guid(27a1c9e3d75324f49a225eaa9260e68f) Importer(815301076,1909f56bfc062723c751e8b465ee728b)  -> (artifact id: 'ec1475c63d7a4fb8b0445c4bdc27f580') in 0.054781 seconds 
  Import took 0.085980 seconds .

========================================================================
Received Import Request.
  Time since last request: 0.000301 seconds.
  path: Assets/PlayerAllAnim/Player_11.png
  artifactKey: Guid(a2cf5ac4abf7c884f8dd59717137475a) Importer(815301076,1909f56bfc062723c751e8b465ee728b)
Start importing Assets/PlayerAllAnim/Player_11.png using Guid(a2cf5ac4abf7c884f8dd59717137475a) Importer(815301076,1909f56bfc062723c751e8b465ee728b)  -> (artifact id: '16d128064e9d10d2842734446d591273') in 0.063784 seconds 
  Import took 0.119524 seconds .

========================================================================
Received Import Request.
  Time since last request: 0.000339 seconds.
  path: Assets/PlayerAllAnim/Player_12.png
  artifactKey: Guid(8df50a4f2c4a52f40b735395874c150e) Importer(815301076,1909f56bfc062723c751e8b465ee728b)
Start importing Assets/PlayerAllAnim/Player_12.png using Guid(8df50a4f2c4a52f40b735395874c150e) Importer(815301076,1909f56bfc062723c751e8b465ee728b)  -> (artifact id: '22d667c5e83f368e6bfeddebaca54c66') in 0.219655 seconds 
  Import took 0.249016 seconds .

========================================================================
Received Import Request.
  Time since last request: 0.000542 seconds.
  path: Assets/PlayerAllAnim/Player_02.png
  artifactKey: Guid(9e971d505cc3ce34e9cc00b64d58920b) Importer(815301076,1909f56bfc062723c751e8b465ee728b)
Start importing Assets/PlayerAllAnim/Player_02.png using Guid(9e971d505cc3ce34e9cc00b64d58920b) Importer(815301076,1909f56bfc062723c751e8b465ee728b)  -> (artifact id: '973967f183090a353734f6f834ebf3f6') in 0.056133 seconds 
  Import took 0.088449 seconds .

========================================================================
Received Import Request.
  Time since last request: 0.000343 seconds.
  path: Assets/PlayerAllAnim/Player_10.png
  artifactKey: Guid(3e92a0e936ef2634890e0e0f1d60a395) Importer(815301076,1909f56bfc062723c751e8b465ee728b)
Start importing Assets/PlayerAllAnim/Player_10.png using Guid(3e92a0e936ef2634890e0e0f1d60a395) Importer(815301076,1909f56bfc062723c751e8b465ee728b)  -> (artifact id: 'a0647563e8cb82b816b9dbb8f42a142e') in 0.068270 seconds 
  Import took 0.110967 seconds .

========================================================================
Received Import Request.
  Time since last request: 0.000475 seconds.
  path: Assets/PlayerAllAnim/Player_02.png
  artifactKey: Guid(9e971d505cc3ce34e9cc00b64d58920b) Importer(815301076,1909f56bfc062723c751e8b465ee728b)
Start importing Assets/PlayerAllAnim/Player_02.png using Guid(9e971d505cc3ce34e9cc00b64d58920b) Importer(815301076,1909f56bfc062723c751e8b465ee728b)  -> (artifact id: '973967f183090a353734f6f834ebf3f6') in 0.015446 seconds 
  Import took 0.043733 seconds .

========================================================================
Received Import Request.
  Time since last request: 0.000600 seconds.
  path: Assets/PlayerAllAnim/Player_05.png
  artifactKey: Guid(da7653bf25eab2d45a558ed22e2a87b4) Importer(815301076,1909f56bfc062723c751e8b465ee728b)
Start importing Assets/PlayerAllAnim/Player_05.png using Guid(da7653bf25eab2d45a558ed22e2a87b4) Importer(815301076,1909f56bfc062723c751e8b465ee728b)  -> (artifact id: '87eac2ef48896caa577caf41f0c76d36') in 0.074684 seconds 
  Import took 0.107518 seconds .

========================================================================
Received Import Request.
  Time since last request: 0.000363 seconds.
  path: Assets/PlayerAllAnim/Player_07.png
  artifactKey: Guid(feb6224693fca0a44a063fac288d8572) Importer(815301076,1909f56bfc062723c751e8b465ee728b)
Start importing Assets/PlayerAllAnim/Player_07.png using Guid(feb6224693fca0a44a063fac288d8572) Importer(815301076,1909f56bfc062723c751e8b465ee728b)  -> (artifact id: 'f80516b11934e0bae7c4ed45299d16c5') in 0.044878 seconds 
  Import took 0.075145 seconds .

========================================================================
Received Import Request.
  Time since last request: 0.000359 seconds.
  path: Assets/PlayerAllAnim/Player_06.png
  artifactKey: Guid(6a6fe0cc6f8db1b4c83072d4e9b88671) Importer(815301076,1909f56bfc062723c751e8b465ee728b)
Start importing Assets/PlayerAllAnim/Player_06.png using Guid(6a6fe0cc6f8db1b4c83072d4e9b88671) Importer(815301076,1909f56bfc062723c751e8b465ee728b)  -> (artifact id: '2140d650d162ea3b2f05511806db2cfb') in 0.067535 seconds 
  Import took 0.094848 seconds .

========================================================================
Received Import Request.
  Time since last request: 0.395501 seconds.
  path: Assets/PlayerAllAnim/Player_14.png
  artifactKey: Guid(dbed56ffe582c1e48b1291ae21090f1d) Importer(815301076,1909f56bfc062723c751e8b465ee728b)
Start importing Assets/PlayerAllAnim/Player_14.png using Guid(dbed56ffe582c1e48b1291ae21090f1d) Importer(815301076,1909f56bfc062723c751e8b465ee728b)  -> (artifact id: '1cfd1111f27076d50bddec50bfbe5328') in 0.167379 seconds 
  Import took 0.196080 seconds .

========================================================================
Received Import Request.
  Time since last request: 0.000468 seconds.
  path: Assets/PlayerAllAnim/Player_15.png
  artifactKey: Guid(8886577343972f44398d32cdefa2ef4b) Importer(815301076,1909f56bfc062723c751e8b465ee728b)
Start importing Assets/PlayerAllAnim/Player_15.png using Guid(8886577343972f44398d32cdefa2ef4b) Importer(815301076,1909f56bfc062723c751e8b465ee728b)  -> (artifact id: 'cd65ac4314753825cb75f3d655b0c19b') in 0.064101 seconds 
  Import took 0.094862 seconds .

========================================================================
Received Import Request.
  Time since last request: 0.000406 seconds.
  path: Assets/PlayerAllAnim/Player_18.png
  artifactKey: Guid(5d327561aa3ced546a9a2754ba16c461) Importer(815301076,1909f56bfc062723c751e8b465ee728b)
Start importing Assets/PlayerAllAnim/Player_18.png using Guid(5d327561aa3ced546a9a2754ba16c461) Importer(815301076,1909f56bfc062723c751e8b465ee728b)  -> (artifact id: '8f8710fb0a45c71836393970e38a19af') in 0.062636 seconds 
  Import took 0.081197 seconds .

========================================================================
Received Import Request.
  Time since last request: 0.000299 seconds.
  path: Assets/PlayerAllAnim/Player_16.png
  artifactKey: Guid(ec20b769bcdd2c7409d0ab68ccd16cae) Importer(815301076,1909f56bfc062723c751e8b465ee728b)
Start importing Assets/PlayerAllAnim/Player_16.png using Guid(ec20b769bcdd2c7409d0ab68ccd16cae) Importer(815301076,1909f56bfc062723c751e8b465ee728b)  -> (artifact id: '0f62c784c427f6dc2936fa1c54f6bbc7') in 0.059347 seconds 
  Import took 0.091241 seconds .

========================================================================
Received Import Request.
  Time since last request: 0.000250 seconds.
  path: Assets/PlayerAllAnim/Player_19.png
  artifactKey: Guid(2f9afbec10d190b43bd241cf281693a8) Importer(815301076,1909f56bfc062723c751e8b465ee728b)
Start importing Assets/PlayerAllAnim/Player_19.png using Guid(2f9afbec10d190b43bd241cf281693a8) Importer(815301076,1909f56bfc062723c751e8b465ee728b)  -> (artifact id: '08a1f01025f445a0fc1a25adb7f7eb0b') in 0.073985 seconds 
  Import took 0.079714 seconds .

========================================================================
Received Import Request.
  Time since last request: 0.000350 seconds.
  path: Assets/PlayerAllAnim/Player_17.png
  artifactKey: Guid(ffa270a0fabf9bf48b849ff4020b0578) Importer(815301076,1909f56bfc062723c751e8b465ee728b)
Start importing Assets/PlayerAllAnim/Player_17.png using Guid(ffa270a0fabf9bf48b849ff4020b0578) Importer(815301076,1909f56bfc062723c751e8b465ee728b)  -> (artifact id: '333368344427bf0d1114caabb0003760') in 0.076362 seconds 
  Import took 0.155755 seconds .

========================================================================
Received Import Request.
  Time since last request: 1.187801 seconds.
  path: Assets/PlayerAllAnim/Player_22.png
  artifactKey: Guid(4a94234b9346914428de3c3cdb87d537) Importer(815301076,1909f56bfc062723c751e8b465ee728b)
Start importing Assets/PlayerAllAnim/Player_22.png using Guid(4a94234b9346914428de3c3cdb87d537) Importer(815301076,1909f56bfc062723c751e8b465ee728b)  -> (artifact id: '6d19af28dc00001a2af328920e493733') in 0.040248 seconds 
  Import took 0.048005 seconds .

========================================================================
Received Import Request.
  Time since last request: 0.000372 seconds.
  path: Assets/PlayerAllAnim/Player_38.png
  artifactKey: Guid(f480443585071f3428aea83ba42db04b) Importer(815301076,1909f56bfc062723c751e8b465ee728b)
Start importing Assets/PlayerAllAnim/Player_38.png using Guid(f480443585071f3428aea83ba42db04b) Importer(815301076,1909f56bfc062723c751e8b465ee728b)  -> (artifact id: '40d124c66702ef6eec227e6f7d007e8a') in 0.186834 seconds 
  Import took 0.217988 seconds .

========================================================================
Received Import Request.
  Time since last request: 0.000319 seconds.
  path: Assets/PlayerAllAnim/Player_59.png
  artifactKey: Guid(73eb17265f62ea547848cd94db5a8398) Importer(815301076,1909f56bfc062723c751e8b465ee728b)
Start importing Assets/PlayerAllAnim/Player_59.png using Guid(73eb17265f62ea547848cd94db5a8398) Importer(815301076,1909f56bfc062723c751e8b465ee728b)  -> (artifact id: '553828dabbd50269a4dec8ce1bc8f795') in 0.042992 seconds 
  Import took 0.063108 seconds .

========================================================================
Received Import Request.
  Time since last request: 0.000338 seconds.
  path: Assets/PlayerAllAnim/Player_41.png
  artifactKey: Guid(9371593f07193264cbeb076d179df660) Importer(815301076,1909f56bfc062723c751e8b465ee728b)
Start importing Assets/PlayerAllAnim/Player_41.png using Guid(9371593f07193264cbeb076d179df660) Importer(815301076,1909f56bfc062723c751e8b465ee728b)  -> (artifact id: 'eeedf2b792c11722b6c813f5b2471efc') in 0.039323 seconds 
  Import took 0.062375 seconds .

========================================================================
Received Import Request.
  Time since last request: 0.000336 seconds.
  path: Assets/PlayerAllAnim/Player_43.png
  artifactKey: Guid(5f470013a9faf0d4aa49af4da475946b) Importer(815301076,1909f56bfc062723c751e8b465ee728b)
Start importing Assets/PlayerAllAnim/Player_43.png using Guid(5f470013a9faf0d4aa49af4da475946b) Importer(815301076,1909f56bfc062723c751e8b465ee728b)  -> (artifact id: '0ce335ed57b2aa6695fee2e334676eb1') in 0.089492 seconds 
  Import took 0.129881 seconds .

========================================================================
Received Import Request.
  Time since last request: 0.000331 seconds.
  path: Assets/PlayerAllAnim/Player_51.png
  artifactKey: Guid(3ab23e60767a8204bb2508d16e9f598a) Importer(815301076,1909f56bfc062723c751e8b465ee728b)
Start importing Assets/PlayerAllAnim/Player_51.png using Guid(3ab23e60767a8204bb2508d16e9f598a) Importer(815301076,1909f56bfc062723c751e8b465ee728b)  -> (artifact id: 'ac7aa2a4be82ed0068141c30011ffeee') in 0.051298 seconds 
  Import took 0.073081 seconds .

========================================================================
Received Import Request.
  Time since last request: 0.000324 seconds.
  path: Assets/PlayerAllAnim/Player_46.png
  artifactKey: Guid(c52a12ca88236574f8e544821fdeedcc) Importer(815301076,1909f56bfc062723c751e8b465ee728b)
Start importing Assets/PlayerAllAnim/Player_46.png using Guid(c52a12ca88236574f8e544821fdeedcc) Importer(815301076,1909f56bfc062723c751e8b465ee728b)  -> (artifact id: '622e3554860246ce92501495c4df3738') in 0.048599 seconds 
  Import took 0.063068 seconds .

========================================================================
Received Import Request.
  Time since last request: 0.000331 seconds.
  path: Assets/PlayerAllAnim/Player_26.png
  artifactKey: Guid(193849817e32ffb4b9919e653d4b698d) Importer(815301076,1909f56bfc062723c751e8b465ee728b)
Start importing Assets/PlayerAllAnim/Player_26.png using Guid(193849817e32ffb4b9919e653d4b698d) Importer(815301076,1909f56bfc062723c751e8b465ee728b)  -> (artifact id: '4c3b14bae478da9a6dde08fd63346471') in 0.083585 seconds 
  Import took 0.102513 seconds .

========================================================================
Received Import Request.
  Time since last request: 0.000385 seconds.
  path: Assets/PlayerAllAnim/Player_65.png
  artifactKey: Guid(02362a22394caf242a04098ad3e5eb34) Importer(815301076,1909f56bfc062723c751e8b465ee728b)
Start importing Assets/PlayerAllAnim/Player_65.png using Guid(02362a22394caf242a04098ad3e5eb34) Importer(815301076,1909f56bfc062723c751e8b465ee728b)  -> (artifact id: '823bc5d36b3f51aba1866c6fecf63bc3') in 0.064251 seconds 
  Import took 0.096568 seconds .

========================================================================
Received Import Request.
  Time since last request: 0.000288 seconds.
  path: Assets/PlayerAllAnim/Player_49.png
  artifactKey: Guid(762890a7a4693bb4bb6ed925cecc16f3) Importer(815301076,1909f56bfc062723c751e8b465ee728b)
Start importing Assets/PlayerAllAnim/Player_49.png using Guid(762890a7a4693bb4bb6ed925cecc16f3) Importer(815301076,1909f56bfc062723c751e8b465ee728b)  -> (artifact id: '40a6095c8c1edeec80d7a67c50c155b4') in 0.108535 seconds 
  Import took 0.136651 seconds .

========================================================================
Received Import Request.
  Time since last request: 0.000326 seconds.
  path: Assets/PlayerAllAnim/Player_42.png
  artifactKey: Guid(4594edfb62c345f45b8326563d1ede3a) Importer(815301076,1909f56bfc062723c751e8b465ee728b)
Start importing Assets/PlayerAllAnim/Player_42.png using Guid(4594edfb62c345f45b8326563d1ede3a) Importer(815301076,1909f56bfc062723c751e8b465ee728b)  -> (artifact id: '14abc51371fe0b46cd243e1786b1712b') in 0.070734 seconds 
  Import took 0.096734 seconds .

========================================================================
Received Import Request.
  Time since last request: 0.000325 seconds.
  path: Assets/PlayerAllAnim/Player_48.png
  artifactKey: Guid(84a2a6dfbd9b2b6498206b6b87636a83) Importer(815301076,1909f56bfc062723c751e8b465ee728b)
Start importing Assets/PlayerAllAnim/Player_48.png using Guid(84a2a6dfbd9b2b6498206b6b87636a83) Importer(815301076,1909f56bfc062723c751e8b465ee728b)  -> (artifact id: 'e66caec4f696c8bcdf8a007711cd843c') in 0.048276 seconds 
  Import took 0.120575 seconds .

========================================================================
Received Import Request.
  Time since last request: 0.000314 seconds.
  path: Assets/PlayerAllAnim/Player_55.png
  artifactKey: Guid(71367a57f06961e418ee2f5d7de0a4de) Importer(815301076,1909f56bfc062723c751e8b465ee728b)
Start importing Assets/PlayerAllAnim/Player_55.png using Guid(71367a57f06961e418ee2f5d7de0a4de) Importer(815301076,1909f56bfc062723c751e8b465ee728b)  -> (artifact id: '1226cc9f8b95078fe1ec8150bbf44da2') in 0.047115 seconds 
  Import took 0.065685 seconds .

========================================================================
Received Import Request.
  Time since last request: 0.000321 seconds.
  path: Assets/PlayerAllAnim/Player_57.png
  artifactKey: Guid(54fc862770ed43441a1240c601edb3ce) Importer(815301076,1909f56bfc062723c751e8b465ee728b)
Start importing Assets/PlayerAllAnim/Player_57.png using Guid(54fc862770ed43441a1240c601edb3ce) Importer(815301076,1909f56bfc062723c751e8b465ee728b)  -> (artifact id: 'c490866476c5ec4fcd36946b07804626') in 0.071207 seconds 
  Import took 0.102420 seconds .

========================================================================
Received Import Request.
  Time since last request: 0.000323 seconds.
  path: Assets/PlayerAllAnim/Player_61.png
  artifactKey: Guid(3f5fc870da126114abcfb0235059778d) Importer(815301076,1909f56bfc062723c751e8b465ee728b)
Start importing Assets/PlayerAllAnim/Player_61.png using Guid(3f5fc870da126114abcfb0235059778d) Importer(815301076,1909f56bfc062723c751e8b465ee728b)  -> (artifact id: '18fcb61f22234d97673fb21903ae8df4') in 0.068688 seconds 
  Import took 0.090784 seconds .

========================================================================
Received Import Request.
  Time since last request: 0.000354 seconds.
  path: Assets/PlayerAllAnim/Player_63.png
  artifactKey: Guid(1d94d89484ab2aa498a55acfdb6b83f1) Importer(815301076,1909f56bfc062723c751e8b465ee728b)
Start importing Assets/PlayerAllAnim/Player_63.png using Guid(1d94d89484ab2aa498a55acfdb6b83f1) Importer(815301076,1909f56bfc062723c751e8b465ee728b)  -> (artifact id: '3030f5ad31e674de170da659bb07c635') in 0.052516 seconds 
  Import took 0.079391 seconds .

========================================================================
Received Import Request.
  Time since last request: 0.000329 seconds.
  path: Assets/PlayerAllAnim/Player_64.png
  artifactKey: Guid(96adddeab80565f48a7014d77b976416) Importer(815301076,1909f56bfc062723c751e8b465ee728b)
Start importing Assets/PlayerAllAnim/Player_64.png using Guid(96adddeab80565f48a7014d77b976416) Importer(815301076,1909f56bfc062723c751e8b465ee728b)  -> (artifact id: '46f42928408957c509933b69a062eebd') in 0.050832 seconds 
  Import took 0.069038 seconds .

========================================================================
Received Import Request.
  Time since last request: 0.000298 seconds.
  path: Assets/PlayerAllAnim/Player_29.png
  artifactKey: Guid(52f7b95858b69274ab281c4a1d7cb81a) Importer(815301076,1909f56bfc062723c751e8b465ee728b)
Start importing Assets/PlayerAllAnim/Player_29.png using Guid(52f7b95858b69274ab281c4a1d7cb81a) Importer(815301076,1909f56bfc062723c751e8b465ee728b)  -> (artifact id: '4bac5523e24d19b6608738f56e30dfa2') in 0.047679 seconds 
  Import took 0.053330 seconds .

========================================================================
Received Import Request.
  Time since last request: 0.000444 seconds.
  path: Assets/PlayerAllAnim/Player_36.png
  artifactKey: Guid(9ca1865700451354e8215ebf6107e472) Importer(815301076,1909f56bfc062723c751e8b465ee728b)
Start importing Assets/PlayerAllAnim/Player_36.png using Guid(9ca1865700451354e8215ebf6107e472) Importer(815301076,1909f56bfc062723c751e8b465ee728b)  -> (artifact id: '37c51ab1c3218f119f216f775e7d204a') in 0.060208 seconds 
  Import took 0.078207 seconds .

========================================================================
Received Import Request.
  Time since last request: 0.000301 seconds.
  path: Assets/PlayerAllAnim/Player_30.png
  artifactKey: Guid(292797d5be8a8114d9cd0fcd4d1ce093) Importer(815301076,1909f56bfc062723c751e8b465ee728b)
Start importing Assets/PlayerAllAnim/Player_30.png using Guid(292797d5be8a8114d9cd0fcd4d1ce093) Importer(815301076,1909f56bfc062723c751e8b465ee728b)  -> (artifact id: 'd0236a7ca5e89bdf2d92a507fa20993f') in 0.083378 seconds 
  Import took 0.114835 seconds .

========================================================================
Received Import Request.
  Time since last request: 0.000339 seconds.
  path: Assets/PlayerAllAnim/Player_33.png
  artifactKey: Guid(648cf1413000c824590fda77d2300d79) Importer(815301076,1909f56bfc062723c751e8b465ee728b)
Start importing Assets/PlayerAllAnim/Player_33.png using Guid(648cf1413000c824590fda77d2300d79) Importer(815301076,1909f56bfc062723c751e8b465ee728b)  -> (artifact id: 'de855907366eac1f45cfe55621cd3c49') in 0.057124 seconds 
  Import took 0.089482 seconds .

========================================================================
Received Import Request.
  Time since last request: 0.000285 seconds.
  path: Assets/PlayerAllAnim/Player_28.png
  artifactKey: Guid(8768ca3e69f41f74e9fac6a40a9adedd) Importer(815301076,1909f56bfc062723c751e8b465ee728b)
Start importing Assets/PlayerAllAnim/Player_28.png using Guid(8768ca3e69f41f74e9fac6a40a9adedd) Importer(815301076,1909f56bfc062723c751e8b465ee728b)  -> (artifact id: '61f96ae5d8296ded854eec8fa5ec6d5c') in 0.061424 seconds 
  Import took 0.066460 seconds .

========================================================================
Received Import Request.
  Time since last request: 0.000244 seconds.
  path: Assets/PlayerAllAnim/Player_34.png
  artifactKey: Guid(c2be5fd07ff1aa643a56c29859ea2abe) Importer(815301076,1909f56bfc062723c751e8b465ee728b)
Start importing Assets/PlayerAllAnim/Player_34.png using Guid(c2be5fd07ff1aa643a56c29859ea2abe) Importer(815301076,1909f56bfc062723c751e8b465ee728b)  -> (artifact id: '174ee89034fe226841824303f795f857') in 0.048268 seconds 
  Import took 0.055208 seconds .

========================================================================
Received Import Request.
  Time since last request: 0.000320 seconds.
  path: Assets/PlayerAllAnim/Player_50.png
  artifactKey: Guid(00611e272f47aa045a617e439286b085) Importer(815301076,1909f56bfc062723c751e8b465ee728b)
Start importing Assets/PlayerAllAnim/Player_50.png using Guid(00611e272f47aa045a617e439286b085) Importer(815301076,1909f56bfc062723c751e8b465ee728b)  -> (artifact id: 'ff94b84d21ac791c02a64bbe28abb151') in 0.062726 seconds 
  Import took 0.078209 seconds .

========================================================================
Received Import Request.
  Time since last request: 0.000226 seconds.
  path: Assets/PlayerAllAnim/Player_45.png
  artifactKey: Guid(af68ebd943bc8dc49bd2c4fbf1a8e384) Importer(815301076,1909f56bfc062723c751e8b465ee728b)
Start importing Assets/PlayerAllAnim/Player_45.png using Guid(af68ebd943bc8dc49bd2c4fbf1a8e384) Importer(815301076,1909f56bfc062723c751e8b465ee728b)  -> (artifact id: '9d370ba03ed5689c1670df90e900d2e6') in 0.075748 seconds 
  Import took 0.102743 seconds .

========================================================================
Received Import Request.
  Time since last request: 0.000321 seconds.
  path: Assets/PlayerAllAnim/Player_68.png
  artifactKey: Guid(652cb88b5ffe3fc4ca00fa3a58fa589a) Importer(815301076,1909f56bfc062723c751e8b465ee728b)
Start importing Assets/PlayerAllAnim/Player_68.png using Guid(652cb88b5ffe3fc4ca00fa3a58fa589a) Importer(815301076,1909f56bfc062723c751e8b465ee728b)  -> (artifact id: '2aee6d64d9fe2682dc5165a0c2ceebde') in 0.047802 seconds 
  Import took 0.068239 seconds .

========================================================================
Received Import Request.
  Time since last request: 0.000283 seconds.
  path: Assets/PlayerAllAnim/Player_56.png
  artifactKey: Guid(6a7e4bdaafc0605469d23ac3c99c8cf7) Importer(815301076,1909f56bfc062723c751e8b465ee728b)
Start importing Assets/PlayerAllAnim/Player_56.png using Guid(6a7e4bdaafc0605469d23ac3c99c8cf7) Importer(815301076,1909f56bfc062723c751e8b465ee728b)  -> (artifact id: '15860b44d162e2af93a70b4ae75ddf25') in 0.066708 seconds 
  Import took 0.090871 seconds .

========================================================================
Received Import Request.
  Time since last request: 0.000375 seconds.
  path: Assets/PlayerAllAnim/Player_62.png
  artifactKey: Guid(f5a9520a3abc53a4ab400b48637429ec) Importer(815301076,1909f56bfc062723c751e8b465ee728b)
Start importing Assets/PlayerAllAnim/Player_62.png using Guid(f5a9520a3abc53a4ab400b48637429ec) Importer(815301076,1909f56bfc062723c751e8b465ee728b)  -> (artifact id: '13c072068ea1c4020958dc74acf9b304') in 0.062900 seconds 
  Import took 0.114893 seconds .

========================================================================
Received Import Request.
  Time since last request: 0.000289 seconds.
  path: Assets/PlayerAllAnim/Player_66.png
  artifactKey: Guid(3a23316df9af8cb46b9f0cc15cff8d28) Importer(815301076,1909f56bfc062723c751e8b465ee728b)
Start importing Assets/PlayerAllAnim/Player_66.png using Guid(3a23316df9af8cb46b9f0cc15cff8d28) Importer(815301076,1909f56bfc062723c751e8b465ee728b)  -> (artifact id: 'a1db262b4e73279356816df379b11f80') in 0.077883 seconds 
  Import took 0.103749 seconds .

========================================================================
Received Import Request.
  Time since last request: 0.000432 seconds.
  path: Assets/PlayerAllAnim/Player_69.png
  artifactKey: Guid(291a5cf27142a294197d3c7ebe8455d6) Importer(815301076,1909f56bfc062723c751e8b465ee728b)
Start importing Assets/PlayerAllAnim/Player_69.png using Guid(291a5cf27142a294197d3c7ebe8455d6) Importer(815301076,1909f56bfc062723c751e8b465ee728b)  -> (artifact id: 'c2e7a908518f7f73c96917a04342840f') in 0.053044 seconds 
  Import took 0.057947 seconds .

========================================================================
Received Import Request.
  Time since last request: 0.000412 seconds.
  path: Assets/PlayerAllAnim/Player_23.png
  artifactKey: Guid(a496ddfbdf4b32040866c8b86f5af0e3) Importer(815301076,1909f56bfc062723c751e8b465ee728b)
Start importing Assets/PlayerAllAnim/Player_23.png using Guid(a496ddfbdf4b32040866c8b86f5af0e3) Importer(815301076,1909f56bfc062723c751e8b465ee728b)  -> (artifact id: '6ac55288bbd7afd1fc95416a3d6dab2c') in 0.119169 seconds 
  Import took 0.154229 seconds .

========================================================================
Received Import Request.
  Time since last request: 0.000393 seconds.
  path: Assets/PlayerAllAnim/Player_25.png
  artifactKey: Guid(dffa870e672c2264c8ee80169c2b50bb) Importer(815301076,1909f56bfc062723c751e8b465ee728b)
Start importing Assets/PlayerAllAnim/Player_25.png using Guid(dffa870e672c2264c8ee80169c2b50bb) Importer(815301076,1909f56bfc062723c751e8b465ee728b)  -> (artifact id: 'a68564cd77ef1f832b9a3e58b2e7b416') in 0.062244 seconds 
  Import took 0.089021 seconds .

========================================================================
Received Import Request.
  Time since last request: 0.000315 seconds.
  path: Assets/PlayerAllAnim/Player_70.png
  artifactKey: Guid(ad6f1c66dae3e2546aa34b985bffb383) Importer(815301076,1909f56bfc062723c751e8b465ee728b)
Start importing Assets/PlayerAllAnim/Player_70.png using Guid(ad6f1c66dae3e2546aa34b985bffb383) Importer(815301076,1909f56bfc062723c751e8b465ee728b)  -> (artifact id: 'b401829ca2557cb4d307f0c5aa801d3b') in 0.057246 seconds 
  Import took 0.078455 seconds .

========================================================================
Received Import Request.
  Time since last request: 0.000247 seconds.
  path: Assets/PlayerAllAnim/Player_27.png
  artifactKey: Guid(33d5a5d4372513c49afcfb5de23ce5c1) Importer(815301076,1909f56bfc062723c751e8b465ee728b)
Start importing Assets/PlayerAllAnim/Player_27.png using Guid(33d5a5d4372513c49afcfb5de23ce5c1) Importer(815301076,1909f56bfc062723c751e8b465ee728b)  -> (artifact id: 'c6d2784c7ad1aafcae64705483d4fdd8') in 0.073640 seconds 
  Import took 0.078726 seconds .

========================================================================
Received Import Request.
  Time since last request: 0.000255 seconds.
  path: Assets/PlayerAllAnim/Player_47.png
  artifactKey: Guid(6adfc054c256d134e9a1e38a10fc3a54) Importer(815301076,1909f56bfc062723c751e8b465ee728b)
Start importing Assets/PlayerAllAnim/Player_47.png using Guid(6adfc054c256d134e9a1e38a10fc3a54) Importer(815301076,1909f56bfc062723c751e8b465ee728b)  -> (artifact id: '296b2857b5e5fdcc89f6da3a764d8df3') in 0.118508 seconds 
  Import took 0.136808 seconds .

========================================================================
Received Import Request.
  Time since last request: 0.000363 seconds.
  path: Assets/PlayerAllAnim/Player_37.png
  artifactKey: Guid(3431588a25c99aa4abe51aab8d235765) Importer(815301076,1909f56bfc062723c751e8b465ee728b)
Start importing Assets/PlayerAllAnim/Player_37.png using Guid(3431588a25c99aa4abe51aab8d235765) Importer(815301076,1909f56bfc062723c751e8b465ee728b)  -> (artifact id: '7dd794c1bbbb9795c728424cc68afbf1') in 0.087547 seconds 
  Import took 0.093060 seconds .

========================================================================
Received Import Request.
  Time since last request: 0.000344 seconds.
  path: Assets/PlayerAllAnim/Player_35.png
  artifactKey: Guid(21f1ab159edeb464a8269ae6b673c33c) Importer(815301076,1909f56bfc062723c751e8b465ee728b)
Start importing Assets/PlayerAllAnim/Player_35.png using Guid(21f1ab159edeb464a8269ae6b673c33c) Importer(815301076,1909f56bfc062723c751e8b465ee728b)  -> (artifact id: '0edd7698d9ea4449052ff0ed30caa1bd') in 0.063723 seconds 
  Import took 0.087710 seconds .

========================================================================
Received Import Request.
  Time since last request: 0.000313 seconds.
  path: Assets/PlayerAllAnim/Player_58.png
  artifactKey: Guid(84591dcacd3da4847acf0608d470d63b) Importer(815301076,1909f56bfc062723c751e8b465ee728b)
Start importing Assets/PlayerAllAnim/Player_58.png using Guid(84591dcacd3da4847acf0608d470d63b) Importer(815301076,1909f56bfc062723c751e8b465ee728b)  -> (artifact id: '4b7637700fdde0bd812bb74aeb568370') in 0.058447 seconds 
  Import took 0.063467 seconds .

========================================================================
Received Import Request.
  Time since last request: 0.000443 seconds.
  path: Assets/PlayerAllAnim/Player_52.png
  artifactKey: Guid(b45fca924c17f174ca8bcefafd497496) Importer(815301076,1909f56bfc062723c751e8b465ee728b)
Start importing Assets/PlayerAllAnim/Player_52.png using Guid(b45fca924c17f174ca8bcefafd497496) Importer(815301076,1909f56bfc062723c751e8b465ee728b)  -> (artifact id: 'dc272147d4a20897309b70897a945ea9') in 0.079136 seconds 
  Import took 0.084640 seconds .

========================================================================
Received Import Request.
  Time since last request: 0.000257 seconds.
  path: Assets/PlayerAllAnim/Player_24.png
  artifactKey: Guid(ca8da80928a12674d922a861abe2a360) Importer(815301076,1909f56bfc062723c751e8b465ee728b)
Start importing Assets/PlayerAllAnim/Player_24.png using Guid(ca8da80928a12674d922a861abe2a360) Importer(815301076,1909f56bfc062723c751e8b465ee728b)  -> (artifact id: '360e8a3a0ea45b6b5197171800ba9415') in 0.065464 seconds 
  Import took 0.084323 seconds .

========================================================================
Received Import Request.
  Time since last request: 0.000364 seconds.
  path: Assets/PlayerAllAnim/Player_54.png
  artifactKey: Guid(c4ed83eb06b307c479963088d51f4c2c) Importer(815301076,1909f56bfc062723c751e8b465ee728b)
Start importing Assets/PlayerAllAnim/Player_54.png using Guid(c4ed83eb06b307c479963088d51f4c2c) Importer(815301076,1909f56bfc062723c751e8b465ee728b)  -> (artifact id: '6e65ffa8d75df3988bc63660b5b5a8fe') in 0.060874 seconds 
  Import took 0.086857 seconds .

========================================================================
Received Import Request.
  Time since last request: 0.000249 seconds.
  path: Assets/PlayerAllAnim/Player_72.png
  artifactKey: Guid(1940bc0625cdbf2409857cf2324855dc) Importer(815301076,1909f56bfc062723c751e8b465ee728b)
Start importing Assets/PlayerAllAnim/Player_72.png using Guid(1940bc0625cdbf2409857cf2324855dc) Importer(815301076,1909f56bfc062723c751e8b465ee728b)  -> (artifact id: 'ee22e221b58eeb2f32a1ee1e5a0c8487') in 0.078501 seconds 
  Import took 0.168331 seconds .

========================================================================
Received Import Request.
  Time since last request: 0.000431 seconds.
  path: Assets/PlayerAllAnim/Player_32.png
  artifactKey: Guid(67ba44b93670b0a4e8d38c20ba8726e6) Importer(815301076,1909f56bfc062723c751e8b465ee728b)
Start importing Assets/PlayerAllAnim/Player_32.png using Guid(67ba44b93670b0a4e8d38c20ba8726e6) Importer(815301076,1909f56bfc062723c751e8b465ee728b)  -> (artifact id: '11931e6b1606b34d73d532aae1915fc9') in 0.080733 seconds 
  Import took 0.100639 seconds .

========================================================================
Received Import Request.
  Time since last request: 0.000351 seconds.
  path: Assets/PlayerAllAnim/Player_71.png
  artifactKey: Guid(fc8c44f65abcaba4aaa920b704968a0a) Importer(815301076,1909f56bfc062723c751e8b465ee728b)
Start importing Assets/PlayerAllAnim/Player_71.png using Guid(fc8c44f65abcaba4aaa920b704968a0a) Importer(815301076,1909f56bfc062723c751e8b465ee728b)  -> (artifact id: '2fcf044888568a410049cd7ea8196d73') in 0.071910 seconds 
  Import took 0.079026 seconds .

========================================================================
Received Import Request.
  Time since last request: 0.000318 seconds.
  path: Assets/PlayerAllAnim/Player_44.png
  artifactKey: Guid(b31498d40457bfc4a9be49519116f605) Importer(815301076,1909f56bfc062723c751e8b465ee728b)
Start importing Assets/PlayerAllAnim/Player_44.png using Guid(b31498d40457bfc4a9be49519116f605) Importer(815301076,1909f56bfc062723c751e8b465ee728b)  -> (artifact id: '738dca9139bb2ca070807ae9d151b6f1') in 0.074846 seconds 
  Import took 0.111957 seconds .

========================================================================
Received Import Request.
  Time since last request: 0.000286 seconds.
  path: Assets/PlayerAllAnim/Player_67.png
  artifactKey: Guid(734aa9ee9b6a4b54893e657728ba72a5) Importer(815301076,1909f56bfc062723c751e8b465ee728b)
Start importing Assets/PlayerAllAnim/Player_67.png using Guid(734aa9ee9b6a4b54893e657728ba72a5) Importer(815301076,1909f56bfc062723c751e8b465ee728b)  -> (artifact id: '090f57b074cb5445734a59d953edea2c') in 0.052726 seconds 
  Import took 0.058596 seconds .

========================================================================
Received Import Request.
  Time since last request: 0.000275 seconds.
  path: Assets/PlayerAllAnim/Player_31.png
  artifactKey: Guid(6dda915759a10e042a6e85a1ad570a1a) Importer(815301076,1909f56bfc062723c751e8b465ee728b)
Start importing Assets/PlayerAllAnim/Player_31.png using Guid(6dda915759a10e042a6e85a1ad570a1a) Importer(815301076,1909f56bfc062723c751e8b465ee728b)  -> (artifact id: '50668d20acd3b64599db0fa5edb41263') in 0.054664 seconds 
  Import took 0.074584 seconds .

========================================================================
Received Import Request.
  Time since last request: 0.000337 seconds.
  path: Assets/PlayerAllAnim/Player_60.png
  artifactKey: Guid(66c1f696ef9b5324d98537e554299e2a) Importer(815301076,1909f56bfc062723c751e8b465ee728b)
Start importing Assets/PlayerAllAnim/Player_60.png using Guid(66c1f696ef9b5324d98537e554299e2a) Importer(815301076,1909f56bfc062723c751e8b465ee728b)  -> (artifact id: 'b8753ae4189245e07ae039b83f3c35de') in 0.079130 seconds 
  Import took 0.085488 seconds .

========================================================================
Received Import Request.
  Time since last request: 0.000232 seconds.
  path: Assets/PlayerAllAnim/Player_53.png
  artifactKey: Guid(50c8bcbb08d7ea34786d82cd7435c1f2) Importer(815301076,1909f56bfc062723c751e8b465ee728b)
Start importing Assets/PlayerAllAnim/Player_53.png using Guid(50c8bcbb08d7ea34786d82cd7435c1f2) Importer(815301076,1909f56bfc062723c751e8b465ee728b)  -> (artifact id: 'c6b76be4ba5aef78670e69fb8cf1ee8c') in 0.054979 seconds 
  Import took 0.059921 seconds .

========================================================================
Received Import Request.
  Time since last request: 0.001077 seconds.
  path: Assets/PlayerAllAnim/Player_39.png
  artifactKey: Guid(6f0b7f3503d018e4cb2ba91176bc3a4b) Importer(815301076,1909f56bfc062723c751e8b465ee728b)
Start importing Assets/PlayerAllAnim/Player_39.png using Guid(6f0b7f3503d018e4cb2ba91176bc3a4b) Importer(815301076,1909f56bfc062723c751e8b465ee728b)  -> (artifact id: '3b28632322a5b490ed677f7da1bbcc17') in 0.084036 seconds 
  Import took 0.113159 seconds .

========================================================================
Received Import Request.
  Time since last request: 0.000255 seconds.
  path: Assets/PlayerAllAnim/Player_40.png
  artifactKey: Guid(43aa421b09a8c7941aa93474c3e17de8) Importer(815301076,1909f56bfc062723c751e8b465ee728b)
Start importing Assets/PlayerAllAnim/Player_40.png using Guid(43aa421b09a8c7941aa93474c3e17de8) Importer(815301076,1909f56bfc062723c751e8b465ee728b)  -> (artifact id: 'f70a6bceec90eac8dca8938d915f0724') in 0.044540 seconds 
  Import took 0.061736 seconds .

========================================================================
Received Import Request.
  Time since last request: 0.000253 seconds.
  path: Assets/PlayerAllAnim/Player_73.png
  artifactKey: Guid(c74e12061067ba54eac1cd7f9c2bc06c) Importer(815301076,1909f56bfc062723c751e8b465ee728b)
Start importing Assets/PlayerAllAnim/Player_73.png using Guid(c74e12061067ba54eac1cd7f9c2bc06c) Importer(815301076,1909f56bfc062723c751e8b465ee728b)  -> (artifact id: 'af624bae7bdd4895ac5305911cd04bd2') in 0.082946 seconds 
  Import took 0.118550 seconds .

========================================================================
Received Import Request.
  Time since last request: 133.826814 seconds.
  path: Assets/動畫/主角攻擊.anim
  artifactKey: Guid(1b0a8b51066bb9f4d8592d7f68d8c4cd) Importer(815301076,1909f56bfc062723c751e8b465ee728b)
Start importing Assets/動畫/主角攻擊.anim using Guid(1b0a8b51066bb9f4d8592d7f68d8c4cd) Importer(815301076,1909f56bfc062723c751e8b465ee728b)  -> (artifact id: '936273a06d5f18c7caea5f5bc516368f') in 0.016681 seconds 
  Import took 0.022308 seconds .

========================================================================
Received Import Request.
  Time since last request: 0.263766 seconds.
  path: Assets/動畫/主角攻擊.anim
  artifactKey: Guid(1b0a8b51066bb9f4d8592d7f68d8c4cd) Importer(815301076,1909f56bfc062723c751e8b465ee728b)
Start importing Assets/動畫/主角攻擊.anim using Guid(1b0a8b51066bb9f4d8592d7f68d8c4cd) Importer(815301076,1909f56bfc062723c751e8b465ee728b)  -> (artifact id: '936273a06d5f18c7caea5f5bc516368f') in 0.006920 seconds 
  Import took 0.016846 seconds .

========================================================================
Received Import Request.
  Time since last request: 19.820432 seconds.
  path: Assets/動畫/主角跑步.anim
  artifactKey: Guid(1b0a8b51066bb9f4d8592d7f68d8c4cd) Importer(815301076,1909f56bfc062723c751e8b465ee728b)
Start importing Assets/動畫/主角跑步.anim using Guid(1b0a8b51066bb9f4d8592d7f68d8c4cd) Importer(815301076,1909f56bfc062723c751e8b465ee728b)  -> (artifact id: '22a3d9d13fbc86f535dafc8482405641') in 0.015886 seconds 
  Import took 0.022110 seconds .

========================================================================
Received Prepare
Registering precompiled user dll's ...
Registered in 0.058963 seconds.
Begin MonoManager ReloadAssembly
Native extension for WindowsStandalone target not found
Refreshing native plugins compatible for Editor in 1.84 ms, found 3 plugins.
Preloading 0 native plugins for Editor in 0.00 ms.
Mono: successfully reloaded assembly
- Completed reload, in  1.906 seconds
Platform modules already initialized, skipping
Refreshing native plugins compatible for Editor in 0.54 ms, found 3 plugins.
Preloading 0 native plugins for Editor in 0.00 ms.
Unloading 2075 Unused Serialized files (Serialized files now loaded: 0)
System memory in use before: 96.8 MB.
System memory in use after: 96.9 MB.

Unloading 21 unused Assets to reduce memory usage. Loaded Objects now: 2765.
Total: 3.865600 ms (FindLiveObjects: 0.403700 ms CreateObjectMapping: 0.160100 ms MarkObjects: 3.013100 ms  DeleteObjects: 0.286800 ms)

AssetImportParameters requested are different than current active one (requested -> active):
  custom:framework-win-MediaFoundation: 216162199b28c13a410421893ffa2e32 -> 
  custom:video-decoder-ogg-theora: a1e56fd34408186e4bbccfd4996cb3dc -> 
  custom:container-muxer-webm: aa71ff27fc2769a1b78a27578f13a17b -> 
  custom:container-demuxer-webm: 4f35f7cbe854078d1ac9338744f61a02 -> 
  custom:container-demuxer-ogg: 62fdf1f143b41e24485cea50d1cbac27 -> 
  custom:video-encoder-webm-vp8: eb34c28f22e8b96e1ab97ce403110664 -> 
  custom:video-codec-MediaFoundation-h265: 746d11721c4dcdbdad8f713fa42b33f4 -> 
  custom:video-decoder-webm-vp8: 9c59270c3fd7afecdb556c50c9e8de78 -> 
  custom:audio-decoder-ogg-vorbis: bf7c407c2cedff20999df2af8eb42d56 -> 
  custom:audio-encoder-webm-vorbis: bf7c407c2cedff20999df2af8eb42d56 -> 
========================================================================
Received Import Request.
  Time since last request: 362.993688 seconds.
  path: Assets/PlayerAllAnim/Player_01.png
  artifactKey: Guid(9ce0a73f90a679c4ba20e655e9303ea7) Importer(815301076,1909f56bfc062723c751e8b465ee728b)
Start importing Assets/PlayerAllAnim/Player_01.png using Guid(9ce0a73f90a679c4ba20e655e9303ea7) Importer(815301076,1909f56bfc062723c751e8b465ee728b)  -> (artifact id: 'd5f34453c08f7c9401181d8e11b0d154') in 0.165189 seconds 
  Import took 0.207150 seconds .

========================================================================
Received Import Request.
  Time since last request: 71.972465 seconds.
  path: Assets/PlayerAllAnim/Player_10.png
  artifactKey: Guid(3e92a0e936ef2634890e0e0f1d60a395) Importer(815301076,1909f56bfc062723c751e8b465ee728b)
Start importing Assets/PlayerAllAnim/Player_10.png using Guid(3e92a0e936ef2634890e0e0f1d60a395) Importer(815301076,1909f56bfc062723c751e8b465ee728b)  -> (artifact id: 'fcb7bfd22a7d54bc487f4718dc62d561') in 0.051853 seconds 
  Import took 0.058617 seconds .

========================================================================
Received Import Request.
  Time since last request: 21.392454 seconds.
  path: Assets/PlayerAllAnim/Player_26.png
  artifactKey: Guid(193849817e32ffb4b9919e653d4b698d) Importer(815301076,1909f56bfc062723c751e8b465ee728b)
Start importing Assets/PlayerAllAnim/Player_26.png using Guid(193849817e32ffb4b9919e653d4b698d) Importer(815301076,1909f56bfc062723c751e8b465ee728b)  -> (artifact id: 'a0a8af4b02320e702139d8c504243c96') in 0.339870 seconds 
  Import took 0.347798 seconds .

========================================================================
Received Import Request.
  Time since last request: 0.608529 seconds.
  path: Assets/PlayerAllAnim/Player_19.png
  artifactKey: Guid(2f9afbec10d190b43bd241cf281693a8) Importer(815301076,1909f56bfc062723c751e8b465ee728b)
Start importing Assets/PlayerAllAnim/Player_19.png using Guid(2f9afbec10d190b43bd241cf281693a8) Importer(815301076,1909f56bfc062723c751e8b465ee728b)  -> (artifact id: '838ead4615c86a867fef533bc85b39ab') in 0.026847 seconds 
  Import took 0.033490 seconds .

========================================================================
Received Import Request.
  Time since last request: 0.004063 seconds.
  path: Assets/PlayerAllAnim/Player_19.png
  artifactKey: Guid(2f9afbec10d190b43bd241cf281693a8) Importer(815301076,1909f56bfc062723c751e8b465ee728b)
Start importing Assets/PlayerAllAnim/Player_19.png using Guid(2f9afbec10d190b43bd241cf281693a8) Importer(815301076,1909f56bfc062723c751e8b465ee728b)  -> (artifact id: '838ead4615c86a867fef533bc85b39ab') in 0.024944 seconds 
  Import took 0.039182 seconds .

========================================================================
Received Import Request.
  Time since last request: 226.326939 seconds.
  path: Assets/動畫/Player_10 1.controller
  artifactKey: Guid(0a2051a3377b22841b9a2a280181295e) Importer(815301076,1909f56bfc062723c751e8b465ee728b)
Start importing Assets/動畫/Player_10 1.controller using Guid(0a2051a3377b22841b9a2a280181295e) Importer(815301076,1909f56bfc062723c751e8b465ee728b)  -> (artifact id: 'd6f4c5c0c31385db814bbadd8ce8ae4a') in 1.310046 seconds 
  Import took 1.353935 seconds .

========================================================================
Received Import Request.
  Time since last request: 0.818619 seconds.
  path: Assets/動畫/Player_10.controller
  artifactKey: Guid(1e9b43662f2c41c4883bde521c5b61c8) Importer(815301076,1909f56bfc062723c751e8b465ee728b)
Start importing Assets/動畫/Player_10.controller using Guid(1e9b43662f2c41c4883bde521c5b61c8) Importer(815301076,1909f56bfc062723c751e8b465ee728b)  -> (artifact id: 'ca062c8ce5be5fed083504508369c41d') in 0.260431 seconds 
  Import took 0.267108 seconds .

========================================================================
Received Import Request.
  Time since last request: 12.192141 seconds.
  path: Assets/動畫/主角跳躍.anim
  artifactKey: Guid(5bfa0e0a4702787489ceec65f73e69ed) Importer(815301076,1909f56bfc062723c751e8b465ee728b)
Start importing Assets/動畫/主角跳躍.anim using Guid(5bfa0e0a4702787489ceec65f73e69ed) Importer(815301076,1909f56bfc062723c751e8b465ee728b)  -> (artifact id: 'b7b152627429afaeaaf4374f113e059d') in 0.036357 seconds 
  Import took 0.042018 seconds .

========================================================================
Received Import Request.
  Time since last request: 0.053431 seconds.
  path: Assets/動畫/主角跳躍.anim
  artifactKey: Guid(5bfa0e0a4702787489ceec65f73e69ed) Importer(815301076,1909f56bfc062723c751e8b465ee728b)
Start importing Assets/動畫/主角跳躍.anim using Guid(5bfa0e0a4702787489ceec65f73e69ed) Importer(815301076,1909f56bfc062723c751e8b465ee728b)  -> (artifact id: 'b7b152627429afaeaaf4374f113e059d') in 0.003621 seconds 
  Import took 0.009701 seconds .

========================================================================
Received Import Request.
  Time since last request: 15.321499 seconds.
  path: Assets/動畫/主角站立.anim
  artifactKey: Guid(c122f69ff0f3c624fbf401d63b7f4b81) Importer(815301076,1909f56bfc062723c751e8b465ee728b)
Start importing Assets/動畫/主角站立.anim using Guid(c122f69ff0f3c624fbf401d63b7f4b81) Importer(815301076,1909f56bfc062723c751e8b465ee728b)  -> (artifact id: '47da27ac100aeaf1d57c2993d6057d43') in 0.030807 seconds 
  Import took 0.106737 seconds .

========================================================================
Received Import Request.
  Time since last request: 43.991159 seconds.
  path: Assets/動畫/Player_01 (1).controller
  artifactKey: Guid(3e33a90e19bd0c043bc05460aac2c3c4) Importer(815301076,1909f56bfc062723c751e8b465ee728b)
Start importing Assets/動畫/Player_01 (1).controller using Guid(3e33a90e19bd0c043bc05460aac2c3c4) Importer(815301076,1909f56bfc062723c751e8b465ee728b)  -> (artifact id: '5894daf555638de8430fd05800618e75') in 0.055092 seconds 
  Import took 0.086745 seconds .

========================================================================
Received Import Request.
  Time since last request: 7.648765 seconds.
  path: Assets/動畫/主角站立.anim
  artifactKey: Guid(c122f69ff0f3c624fbf401d63b7f4b81) Importer(815301076,1909f56bfc062723c751e8b465ee728b)
Start importing Assets/動畫/主角站立.anim using Guid(c122f69ff0f3c624fbf401d63b7f4b81) Importer(815301076,1909f56bfc062723c751e8b465ee728b)  -> (artifact id: '7b182bea8359d728398919353226c386') in 0.008345 seconds 
  Import took 0.017409 seconds .

========================================================================
Received Import Request.
  Time since last request: 0.004479 seconds.
  path: Assets/動畫/主角站立.anim
  artifactKey: Guid(c122f69ff0f3c624fbf401d63b7f4b81) Importer(815301076,1909f56bfc062723c751e8b465ee728b)
Start importing Assets/動畫/主角站立.anim using Guid(c122f69ff0f3c624fbf401d63b7f4b81) Importer(815301076,1909f56bfc062723c751e8b465ee728b)  -> (artifact id: '7b182bea8359d728398919353226c386') in 0.006188 seconds 
  Import took 0.016920 seconds .

========================================================================
Received Import Request.
  Time since last request: 4.855673 seconds.
  path: Assets/動畫/Player_01.controller
  artifactKey: Guid(8fdb75c60c540bc47a9157e2b27a2bd2) Importer(815301076,1909f56bfc062723c751e8b465ee728b)
Start importing Assets/動畫/Player_01.controller using Guid(8fdb75c60c540bc47a9157e2b27a2bd2) Importer(815301076,1909f56bfc062723c751e8b465ee728b)  -> (artifact id: 'd9b9160ca155738abe205e4ed329714b') in 0.048030 seconds 
  Import took 0.066747 seconds .

========================================================================
Received Import Request.
  Time since last request: 31.439920 seconds.
  path: Assets/PlayerAllAnim/Player_35.png
  artifactKey: Guid(21f1ab159edeb464a8269ae6b673c33c) Importer(815301076,1909f56bfc062723c751e8b465ee728b)
Start importing Assets/PlayerAllAnim/Player_35.png using Guid(21f1ab159edeb464a8269ae6b673c33c) Importer(815301076,1909f56bfc062723c751e8b465ee728b)  -> (artifact id: '9332d88983dc8a94c15a84b867223fae') in 0.096118 seconds 
  Import took 0.112227 seconds .

========================================================================
Received Import Request.
  Time since last request: 30.232500 seconds.
  path: Assets/PlayerAllAnim/Player_96.png
  artifactKey: Guid(fac7f4378e294a842b2b12ecc33b70e2) Importer(815301076,1909f56bfc062723c751e8b465ee728b)
Start importing Assets/PlayerAllAnim/Player_96.png using Guid(fac7f4378e294a842b2b12ecc33b70e2) Importer(815301076,1909f56bfc062723c751e8b465ee728b)  -> (artifact id: '683db70fb65e57d205484d0148b3a093') in 0.545626 seconds 
  Import took 0.578118 seconds .

========================================================================
Received Import Request.
  Time since last request: 35.489528 seconds.
  path: Assets/動畫/主角死亡.anim
  artifactKey: Guid(69d6bb3bf03d48c49ae3c5cbcf18dd54) Importer(815301076,1909f56bfc062723c751e8b465ee728b)
Start importing Assets/動畫/主角死亡.anim using Guid(69d6bb3bf03d48c49ae3c5cbcf18dd54) Importer(815301076,1909f56bfc062723c751e8b465ee728b)  -> (artifact id: 'f3ef261d89318caf0a2a9153ba9d5a12') in 0.018653 seconds 
  Import took 0.027019 seconds .

========================================================================
Received Import Request.
  Time since last request: 0.001205 seconds.
  path: Assets/動畫/主角死亡.anim
  artifactKey: Guid(69d6bb3bf03d48c49ae3c5cbcf18dd54) Importer(815301076,1909f56bfc062723c751e8b465ee728b)
Start importing Assets/動畫/主角死亡.anim using Guid(69d6bb3bf03d48c49ae3c5cbcf18dd54) Importer(815301076,1909f56bfc062723c751e8b465ee728b)  -> (artifact id: 'f3ef261d89318caf0a2a9153ba9d5a12') in 0.007486 seconds 
  Import took 0.015336 seconds .

========================================================================
Received Import Request.
  Time since last request: 1.353765 seconds.
  path: Assets/動畫/主角等待.anim
  artifactKey: Guid(f6c27ec2e02cd1b4f9d71ac62977ab53) Importer(815301076,1909f56bfc062723c751e8b465ee728b)
Start importing Assets/動畫/主角等待.anim using Guid(f6c27ec2e02cd1b4f9d71ac62977ab53) Importer(815301076,1909f56bfc062723c751e8b465ee728b)  -> (artifact id: 'dd250e9796d67c64c7897f3394d9e6e4') in 0.016645 seconds 
  Import took 0.026197 seconds .

========================================================================
Received Import Request.
  Time since last request: 2.558156 seconds.
  path: Assets/動畫/主角攻擊.anim
  artifactKey: Guid(eb26fe934b2c8cc45af3a7368678a54e) Importer(815301076,1909f56bfc062723c751e8b465ee728b)
Start importing Assets/動畫/主角攻擊.anim using Guid(eb26fe934b2c8cc45af3a7368678a54e) Importer(815301076,1909f56bfc062723c751e8b465ee728b)  -> (artifact id: '1c02932ba0ce0ff10b1ae4ae1966e947') in 0.007062 seconds 
  Import took 0.015443 seconds .

========================================================================
Received Import Request.
  Time since last request: 0.006994 seconds.
  path: Assets/動畫/主角攻擊.anim
  artifactKey: Guid(eb26fe934b2c8cc45af3a7368678a54e) Importer(815301076,1909f56bfc062723c751e8b465ee728b)
Start importing Assets/動畫/主角攻擊.anim using Guid(eb26fe934b2c8cc45af3a7368678a54e) Importer(815301076,1909f56bfc062723c751e8b465ee728b)  -> (artifact id: '1c02932ba0ce0ff10b1ae4ae1966e947') in 0.008292 seconds 
  Import took 0.016323 seconds .

========================================================================
Received Prepare
Registering precompiled user dll's ...
Registered in 0.076270 seconds.
Begin MonoManager ReloadAssembly
Native extension for WindowsStandalone target not found
Refreshing native plugins compatible for Editor in 0.64 ms, found 3 plugins.
Preloading 0 native plugins for Editor in 0.00 ms.
Mono: successfully reloaded assembly
- Completed reload, in  2.290 seconds
Platform modules already initialized, skipping
Refreshing native plugins compatible for Editor in 1.17 ms, found 3 plugins.
Preloading 0 native plugins for Editor in 0.00 ms.
Unloading 2075 Unused Serialized files (Serialized files now loaded: 0)
System memory in use before: 96.9 MB.
System memory in use after: 97.0 MB.

Unloading 21 unused Assets to reduce memory usage. Loaded Objects now: 2770.
Total: 19.997100 ms (FindLiveObjects: 0.414500 ms CreateObjectMapping: 0.143300 ms MarkObjects: 4.380400 ms  DeleteObjects: 15.057000 ms)

AssetImportParameters requested are different than current active one (requested -> active):
  custom:framework-win-MediaFoundation: 216162199b28c13a410421893ffa2e32 -> 
  custom:video-decoder-ogg-theora: a1e56fd34408186e4bbccfd4996cb3dc -> 
  custom:container-muxer-webm: aa71ff27fc2769a1b78a27578f13a17b -> 
  custom:container-demuxer-webm: 4f35f7cbe854078d1ac9338744f61a02 -> 
  custom:container-demuxer-ogg: 62fdf1f143b41e24485cea50d1cbac27 -> 
  custom:video-encoder-webm-vp8: eb34c28f22e8b96e1ab97ce403110664 -> 
  custom:video-codec-MediaFoundation-h265: 746d11721c4dcdbdad8f713fa42b33f4 -> 
  custom:video-decoder-webm-vp8: 9c59270c3fd7afecdb556c50c9e8de78 -> 
  custom:audio-decoder-ogg-vorbis: bf7c407c2cedff20999df2af8eb42d56 -> 
  custom:audio-encoder-webm-vorbis: bf7c407c2cedff20999df2af8eb42d56 -> 
========================================================================
Received Prepare
Registering precompiled user dll's ...
Registered in 0.005515 seconds.
Begin MonoManager ReloadAssembly
Native extension for WindowsStandalone target not found
Refreshing native plugins compatible for Editor in 0.63 ms, found 3 plugins.
Preloading 0 native plugins for Editor in 0.00 ms.
Mono: successfully reloaded assembly
- Completed reload, in  2.162 seconds
Platform modules already initialized, skipping
Refreshing native plugins compatible for Editor in 0.56 ms, found 3 plugins.
Preloading 0 native plugins for Editor in 0.00 ms.
Unloading 2075 Unused Serialized files (Serialized files now loaded: 0)
System memory in use before: 97.0 MB.
System memory in use after: 97.0 MB.

Unloading 21 unused Assets to reduce memory usage. Loaded Objects now: 2774.
Total: 3.115800 ms (FindLiveObjects: 0.290100 ms CreateObjectMapping: 0.123400 ms MarkObjects: 2.506700 ms  DeleteObjects: 0.193900 ms)

AssetImportParameters requested are different than current active one (requested -> active):
  custom:framework-win-MediaFoundation: 216162199b28c13a410421893ffa2e32 -> 
  custom:video-decoder-ogg-theora: a1e56fd34408186e4bbccfd4996cb3dc -> 
  custom:container-muxer-webm: aa71ff27fc2769a1b78a27578f13a17b -> 
  custom:container-demuxer-webm: 4f35f7cbe854078d1ac9338744f61a02 -> 
  custom:container-demuxer-ogg: 62fdf1f143b41e24485cea50d1cbac27 -> 
  custom:video-encoder-webm-vp8: eb34c28f22e8b96e1ab97ce403110664 -> 
  custom:video-codec-MediaFoundation-h265: 746d11721c4dcdbdad8f713fa42b33f4 -> 
  custom:video-decoder-webm-vp8: 9c59270c3fd7afecdb556c50c9e8de78 -> 
  custom:audio-decoder-ogg-vorbis: bf7c407c2cedff20999df2af8eb42d56 -> 
  custom:audio-encoder-webm-vorbis: bf7c407c2cedff20999df2af8eb42d56 -> 
========================================================================
Received Import Request.
  Time since last request: 60.384283 seconds.
  path: Assets/動畫/Player_18.controller
  artifactKey: Guid(0f7f0a1456e10394b9a40deeb0b201b8) Importer(815301076,1909f56bfc062723c751e8b465ee728b)
Start importing Assets/動畫/Player_18.controller using Guid(0f7f0a1456e10394b9a40deeb0b201b8) Importer(815301076,1909f56bfc062723c751e8b465ee728b)  -> (artifact id: 'f11d068ce4b0456515d111d606cd2773') in 0.067607 seconds 
  Import took 0.074799 seconds .

========================================================================
Received Prepare
Registering precompiled user dll's ...
Registered in 0.005322 seconds.
Begin MonoManager ReloadAssembly
Native extension for WindowsStandalone target not found
Refreshing native plugins compatible for Editor in 0.68 ms, found 3 plugins.
Preloading 0 native plugins for Editor in 0.00 ms.
Mono: successfully reloaded assembly
- Completed reload, in  1.964 seconds
Platform modules already initialized, skipping
Refreshing native plugins compatible for Editor in 0.77 ms, found 3 plugins.
Preloading 0 native plugins for Editor in 0.00 ms.
Unloading 2075 Unused Serialized files (Serialized files now loaded: 0)
System memory in use before: 97.0 MB.
System memory in use after: 97.1 MB.

Unloading 21 unused Assets to reduce memory usage. Loaded Objects now: 2778.
Total: 7.599000 ms (FindLiveObjects: 1.747900 ms CreateObjectMapping: 0.331100 ms MarkObjects: 5.298500 ms  DeleteObjects: 0.213900 ms)

AssetImportParameters requested are different than current active one (requested -> active):
  custom:framework-win-MediaFoundation: 216162199b28c13a410421893ffa2e32 -> 
  custom:video-decoder-ogg-theora: a1e56fd34408186e4bbccfd4996cb3dc -> 
  custom:container-muxer-webm: aa71ff27fc2769a1b78a27578f13a17b -> 
  custom:container-demuxer-webm: 4f35f7cbe854078d1ac9338744f61a02 -> 
  custom:container-demuxer-ogg: 62fdf1f143b41e24485cea50d1cbac27 -> 
  custom:video-encoder-webm-vp8: eb34c28f22e8b96e1ab97ce403110664 -> 
  custom:video-codec-MediaFoundation-h265: 746d11721c4dcdbdad8f713fa42b33f4 -> 
  custom:video-decoder-webm-vp8: 9c59270c3fd7afecdb556c50c9e8de78 -> 
  custom:audio-decoder-ogg-vorbis: bf7c407c2cedff20999df2af8eb42d56 -> 
  custom:audio-encoder-webm-vorbis: bf7c407c2cedff20999df2af8eb42d56 -> 
AssetImportWorkerClient::OnTransportError - code=2 error=End of file
