Using pre-set license
Built from '2020.3/release' branch; Version is '2020.3.12f1 (b3b2c6512326) revision 11776710'; Using compiler version '192528614'; Build Type 'Release'
OS: 'Windows 10 Home; OS build 19041.1052; Version 2004; 64bit' Language: 'zh' Physical Memory: 3963 MB
BatchMode: 1, IsHumanControllingUs: 0, StartBugReporterOnCrash: 0, Is64bit: 1, IsPro: 0

 COMMAND LINE ARGUMENTS:
C:\Program Files\Unity\Hub\Editor\2020.3.12f1\Editor\Unity.exe
-adb2
-batchMode
-noUpm
-name
AssetImportWorker2
-projectPath
D:/Github/Unity-210626-data/2D Games
-logFile
Logs/AssetImportWorker2.log
-srvPort
64723
Successfully changed project path to: D:/Github/Unity-210626-data/2D Games
D:/Github/Unity-210626-data/2D Games
Using Asset Import Pipeline V2.
Refreshing native plugins compatible for Editor in 86.78 ms, found 3 plugins.
Preloading 0 native plugins for Editor in 0.00 ms.
Initialize engine version: 2020.3.12f1 (b3b2c6512326)
[Subsystems] Discovering subsystems at path C:/Program Files/Unity/Hub/Editor/2020.3.12f1/Editor/Data/Resources/UnitySubsystems
[Subsystems] Discovering subsystems at path D:/Github/Unity-210626-data/2D Games/Assets
GfxDevice: creating device client; threaded=0
Direct3D:
    Version:  Direct3D 11.0 [level 11.0]
    Renderer: NVIDIA GeForce 930MX (ID=0x134e)
    Vendor:   
    VRAM:     2020 MB
    Driver:   23.21.13.8857
Initialize mono
Mono path[0] = 'C:/Program Files/Unity/Hub/Editor/2020.3.12f1/Editor/Data/Managed'
Mono path[1] = 'C:/Program Files/Unity/Hub/Editor/2020.3.12f1/Editor/Data/MonoBleedingEdge/lib/mono/unityjit'
Mono config path = 'C:/Program Files/Unity/Hub/Editor/2020.3.12f1/Editor/Data/MonoBleedingEdge/etc'
Using monoOptions --debugger-agent=transport=dt_socket,embedding=1,server=y,suspend=n,address=127.0.0.1:56376
Begin MonoManager ReloadAssembly
Registering precompiled unity dll's ...
Register platform support module: C:/Program Files/Unity/Hub/Editor/2020.3.12f1/Editor/Data/PlaybackEngines/WindowsStandaloneSupport/UnityEditor.WindowsStandalone.Extensions.dll
Registered in 0.003368 seconds.
Native extension for WindowsStandalone target not found
Refreshing native plugins compatible for Editor in 77.21 ms, found 3 plugins.
Preloading 0 native plugins for Editor in 0.00 ms.
Mono: successfully reloaded assembly
- Completed reload, in  2.084 seconds
Platform modules already initialized, skipping
Registering precompiled user dll's ...
Registered in 0.009955 seconds.
Begin MonoManager ReloadAssembly
Native extension for WindowsStandalone target not found
Refreshing native plugins compatible for Editor in 68.65 ms, found 3 plugins.
Preloading 0 native plugins for Editor in 0.00 ms.
Mono: successfully reloaded assembly
- Completed reload, in  3.882 seconds
Platform modules already initialized, skipping
========================================================================
Worker process is ready to serve import requests
Launched and connected shader compiler UnityShaderCompiler.exe after 0.29 seconds
Refreshing native plugins compatible for Editor in 0.87 ms, found 3 plugins.
Preloading 0 native plugins for Editor in 0.00 ms.
Unloading 2080 Unused Serialized files (Serialized files now loaded: 0)
System memory in use before: 93.1 MB.
System memory in use after: 93.0 MB.

Unloading 33 unused Assets to reduce memory usage. Loaded Objects now: 2515.
Total: 6.572100 ms (FindLiveObjects: 0.428700 ms CreateObjectMapping: 0.192000 ms MarkObjects: 5.761300 ms  DeleteObjects: 0.187800 ms)

AssetImportParameters requested are different than current active one (requested -> active):
  custom:framework-win-MediaFoundation: 216162199b28c13a410421893ffa2e32 -> 
  custom:video-decoder-ogg-theora: a1e56fd34408186e4bbccfd4996cb3dc -> 
  custom:container-muxer-webm: aa71ff27fc2769a1b78a27578f13a17b -> 
  custom:container-demuxer-webm: 4f35f7cbe854078d1ac9338744f61a02 -> 
  custom:container-demuxer-ogg: 62fdf1f143b41e24485cea50d1cbac27 -> 
  custom:video-encoder-webm-vp8: eb34c28f22e8b96e1ab97ce403110664 -> 
  custom:video-codec-MediaFoundation-h265: 746d11721c4dcdbdad8f713fa42b33f4 -> 
  custom:video-decoder-webm-vp8: 9c59270c3fd7afecdb556c50c9e8de78 -> 
  custom:audio-decoder-ogg-vorbis: bf7c407c2cedff20999df2af8eb42d56 -> 
  custom:audio-encoder-webm-vorbis: bf7c407c2cedff20999df2af8eb42d56 -> 
========================================================================
Received Import Request.
  path: Assets/Picture/選單背景.mat
  artifactKey: Guid(72be3f95efc9d554a8b31eaf302a77b2) Importer(815301076,1909f56bfc062723c751e8b465ee728b)
Start importing Assets/Picture/選單背景.mat using Guid(72be3f95efc9d554a8b31eaf302a77b2) Importer(815301076,1909f56bfc062723c751e8b465ee728b)  -> (artifact id: '5a2d881546bcf6f3a529b14414ea5a3d') in 1.484344 seconds 
  Import took 1.532984 seconds .

========================================================================
Received Prepare
Registering precompiled user dll's ...
Registered in 0.062736 seconds.
Begin MonoManager ReloadAssembly
Native extension for WindowsStandalone target not found
Refreshing native plugins compatible for Editor in 1.85 ms, found 3 plugins.
Preloading 0 native plugins for Editor in 0.00 ms.
Mono: successfully reloaded assembly
- Completed reload, in  4.292 seconds
Platform modules already initialized, skipping
Refreshing native plugins compatible for Editor in 0.64 ms, found 3 plugins.
Preloading 0 native plugins for Editor in 0.00 ms.
Unloading 2075 Unused Serialized files (Serialized files now loaded: 0)
System memory in use before: 96.1 MB.
System memory in use after: 96.1 MB.

Unloading 21 unused Assets to reduce memory usage. Loaded Objects now: 2559.
Total: 5.220700 ms (FindLiveObjects: 0.639100 ms CreateObjectMapping: 0.272000 ms MarkObjects: 4.100600 ms  DeleteObjects: 0.206500 ms)

AssetImportParameters requested are different than current active one (requested -> active):
  custom:framework-win-MediaFoundation: 216162199b28c13a410421893ffa2e32 -> 
  custom:video-decoder-ogg-theora: a1e56fd34408186e4bbccfd4996cb3dc -> 
  custom:container-muxer-webm: aa71ff27fc2769a1b78a27578f13a17b -> 
  custom:container-demuxer-webm: 4f35f7cbe854078d1ac9338744f61a02 -> 
  custom:container-demuxer-ogg: 62fdf1f143b41e24485cea50d1cbac27 -> 
  custom:video-encoder-webm-vp8: eb34c28f22e8b96e1ab97ce403110664 -> 
  custom:video-codec-MediaFoundation-h265: 746d11721c4dcdbdad8f713fa42b33f4 -> 
  custom:video-decoder-webm-vp8: 9c59270c3fd7afecdb556c50c9e8de78 -> 
  custom:audio-decoder-ogg-vorbis: bf7c407c2cedff20999df2af8eb42d56 -> 
  custom:audio-encoder-webm-vorbis: bf7c407c2cedff20999df2af8eb42d56 -> 
========================================================================
Received Import Request.
  Time since last request: 2204.071891 seconds.
  path: Assets/Picture/spot.png
  artifactKey: Guid(aee6371e8ef53ea4aade058a145cae11) Importer(815301076,1909f56bfc062723c751e8b465ee728b)
Start importing Assets/Picture/spot.png using Guid(aee6371e8ef53ea4aade058a145cae11) Importer(815301076,1909f56bfc062723c751e8b465ee728b)  -> (artifact id: 'a9d4fbdfa12c4d3aff8ba5b443efd4f4') in 34.189709 seconds 
  Import took 62.580836 seconds .

========================================================================
Received Import Request.
  Time since last request: 81.031269 seconds.
  path: Assets/Picture/New Material.mat
  artifactKey: Guid(b0e0f4075d7336a458805ff4d0f72aeb) Importer(815301076,1909f56bfc062723c751e8b465ee728b)
Start importing Assets/Picture/New Material.mat using Guid(b0e0f4075d7336a458805ff4d0f72aeb) Importer(815301076,1909f56bfc062723c751e8b465ee728b)  -> (artifact id: '1a5d9a940be40f60305c796bbaabbd74') in 2.453314 seconds 
  Import took 2.588360 seconds .

========================================================================
Received Import Request.
  Time since last request: 41.272586 seconds.
  path: Assets/Picture/光點.png
  artifactKey: Guid(aee6371e8ef53ea4aade058a145cae11) Importer(815301076,1909f56bfc062723c751e8b465ee728b)
Start importing Assets/Picture/光點.png using Guid(aee6371e8ef53ea4aade058a145cae11) Importer(815301076,1909f56bfc062723c751e8b465ee728b)  -> (artifact id: 'b5b2196e910add542edad4018ead4511') in 0.235401 seconds 
  Import took 0.378075 seconds .

========================================================================
Received Import Request.
  Time since last request: 1.423698 seconds.
  path: Assets/Picture/光點.png
  artifactKey: Guid(aee6371e8ef53ea4aade058a145cae11) Importer(815301076,1909f56bfc062723c751e8b465ee728b)
Start importing Assets/Picture/光點.png using Guid(aee6371e8ef53ea4aade058a145cae11) Importer(815301076,1909f56bfc062723c751e8b465ee728b)  -> (artifact id: 'b5b2196e910add542edad4018ead4511') in 0.086148 seconds 
  Import took 0.304531 seconds .

========================================================================
Received Import Request.
  Time since last request: 36.711622 seconds.
  path: Assets/Picture/光點.mat
  artifactKey: Guid(b0e0f4075d7336a458805ff4d0f72aeb) Importer(815301076,1909f56bfc062723c751e8b465ee728b)
Start importing Assets/Picture/光點.mat using Guid(b0e0f4075d7336a458805ff4d0f72aeb) Importer(815301076,1909f56bfc062723c751e8b465ee728b)  -> (artifact id: '88e8085d048b3e30cb688d9a885b255b') in 1.934057 seconds 
  Import took 1.980240 seconds .

========================================================================
Received Prepare
Registering precompiled user dll's ...
Registered in 0.183642 seconds.
Begin MonoManager ReloadAssembly
Native extension for WindowsStandalone target not found
Refreshing native plugins compatible for Editor in 0.64 ms, found 3 plugins.
Preloading 0 native plugins for Editor in 0.00 ms.
Mono: successfully reloaded assembly
- Completed reload, in  7.982 seconds
Platform modules already initialized, skipping
Refreshing native plugins compatible for Editor in 2.21 ms, found 3 plugins.
Preloading 0 native plugins for Editor in 0.00 ms.
Unloading 2075 Unused Serialized files (Serialized files now loaded: 0)
System memory in use before: 96.4 MB.
System memory in use after: 96.4 MB.

Unloading 21 unused Assets to reduce memory usage. Loaded Objects now: 2567.
Total: 11.344300 ms (FindLiveObjects: 1.175100 ms CreateObjectMapping: 0.264100 ms MarkObjects: 9.594700 ms  DeleteObjects: 0.307100 ms)

AssetImportParameters requested are different than current active one (requested -> active):
  custom:framework-win-MediaFoundation: 216162199b28c13a410421893ffa2e32 -> 
  custom:video-decoder-ogg-theora: a1e56fd34408186e4bbccfd4996cb3dc -> 
  custom:container-muxer-webm: aa71ff27fc2769a1b78a27578f13a17b -> 
  custom:container-demuxer-webm: 4f35f7cbe854078d1ac9338744f61a02 -> 
  custom:container-demuxer-ogg: 62fdf1f143b41e24485cea50d1cbac27 -> 
  custom:video-encoder-webm-vp8: eb34c28f22e8b96e1ab97ce403110664 -> 
  custom:video-codec-MediaFoundation-h265: 746d11721c4dcdbdad8f713fa42b33f4 -> 
  custom:video-decoder-webm-vp8: 9c59270c3fd7afecdb556c50c9e8de78 -> 
  custom:audio-decoder-ogg-vorbis: bf7c407c2cedff20999df2af8eb42d56 -> 
  custom:audio-encoder-webm-vorbis: bf7c407c2cedff20999df2af8eb42d56 -> 
========================================================================
Received Prepare
Registering precompiled user dll's ...
Registered in 0.009121 seconds.
Begin MonoManager ReloadAssembly
Native extension for WindowsStandalone target not found
Refreshing native plugins compatible for Editor in 1.46 ms, found 3 plugins.
Preloading 0 native plugins for Editor in 0.00 ms.
Mono: successfully reloaded assembly
- Completed reload, in  4.710 seconds
Platform modules already initialized, skipping
Refreshing native plugins compatible for Editor in 3.30 ms, found 3 plugins.
Preloading 0 native plugins for Editor in 0.00 ms.
Unloading 2075 Unused Serialized files (Serialized files now loaded: 0)
System memory in use before: 96.4 MB.
System memory in use after: 96.4 MB.

Unloading 21 unused Assets to reduce memory usage. Loaded Objects now: 2571.
Total: 7.148700 ms (FindLiveObjects: 0.509700 ms CreateObjectMapping: 0.359700 ms MarkObjects: 5.677400 ms  DeleteObjects: 0.600000 ms)

AssetImportParameters requested are different than current active one (requested -> active):
  custom:framework-win-MediaFoundation: 216162199b28c13a410421893ffa2e32 -> 
  custom:video-decoder-ogg-theora: a1e56fd34408186e4bbccfd4996cb3dc -> 
  custom:container-muxer-webm: aa71ff27fc2769a1b78a27578f13a17b -> 
  custom:container-demuxer-webm: 4f35f7cbe854078d1ac9338744f61a02 -> 
  custom:container-demuxer-ogg: 62fdf1f143b41e24485cea50d1cbac27 -> 
  custom:video-encoder-webm-vp8: eb34c28f22e8b96e1ab97ce403110664 -> 
  custom:video-codec-MediaFoundation-h265: 746d11721c4dcdbdad8f713fa42b33f4 -> 
  custom:video-decoder-webm-vp8: 9c59270c3fd7afecdb556c50c9e8de78 -> 
  custom:audio-decoder-ogg-vorbis: bf7c407c2cedff20999df2af8eb42d56 -> 
  custom:audio-encoder-webm-vorbis: bf7c407c2cedff20999df2af8eb42d56 -> 
========================================================================
Received Import Request.
  Time since last request: 3258.176832 seconds.
  path: Assets/Picture/光點.mat
  artifactKey: Guid(b0e0f4075d7336a458805ff4d0f72aeb) Importer(815301076,1909f56bfc062723c751e8b465ee728b)
Start importing Assets/Picture/光點.mat using Guid(b0e0f4075d7336a458805ff4d0f72aeb) Importer(815301076,1909f56bfc062723c751e8b465ee728b)  -> (artifact id: '72d3f96d0f66010307a6744c6b1bf688') in 1.334886 seconds 
  Import took 1.410295 seconds .

========================================================================
Received Import Request.
  Time since last request: 0.000344 seconds.
  path: Assets/Picture/選單背景.mat
  artifactKey: Guid(72be3f95efc9d554a8b31eaf302a77b2) Importer(815301076,1909f56bfc062723c751e8b465ee728b)
Start importing Assets/Picture/選單背景.mat using Guid(72be3f95efc9d554a8b31eaf302a77b2) Importer(815301076,1909f56bfc062723c751e8b465ee728b)  -> (artifact id: 'e514913476568f0184eb99fd0b765909') in 0.140316 seconds 
  Import took 0.156899 seconds .

========================================================================
Received Import Request.
  Time since last request: 2794.370101 seconds.
  path: Assets/2D Hand Painted/TagsLayers.preset
  artifactKey: Guid(74ba7668d9eb4444b9cdbca9e68627c3) Importer(815301076,1909f56bfc062723c751e8b465ee728b)
Start importing Assets/2D Hand Painted/TagsLayers.preset using Guid(74ba7668d9eb4444b9cdbca9e68627c3) Importer(815301076,1909f56bfc062723c751e8b465ee728b)  -> (artifact id: '129021e4f42234800b90540f90bbddb7') in 2.850604 seconds 
  Import took 7.133821 seconds .

========================================================================
Received Import Request.
  Time since last request: 0.057510 seconds.
  path: Assets/2D Hand Painted/TagsLayers.preset
  artifactKey: Guid(74ba7668d9eb4444b9cdbca9e68627c3) Importer(815301076,1909f56bfc062723c751e8b465ee728b)
Start importing Assets/2D Hand Painted/TagsLayers.preset using Guid(74ba7668d9eb4444b9cdbca9e68627c3) Importer(815301076,1909f56bfc062723c751e8b465ee728b)  -> (artifact id: '129021e4f42234800b90540f90bbddb7') in 0.003880 seconds 
  Import took 0.014574 seconds .

========================================================================
Received Import Request.
  Time since last request: 12.409617 seconds.
  path: Assets/2D Hand Painted/Sample
  artifactKey: Guid(0e0894b74e5074cb2a4b1be5996fabd3) Importer(815301076,1909f56bfc062723c751e8b465ee728b)
Start importing Assets/2D Hand Painted/Sample using Guid(0e0894b74e5074cb2a4b1be5996fabd3) Importer(815301076,1909f56bfc062723c751e8b465ee728b)  -> (artifact id: 'd7fb998c745f7760f44cffeffa844a6e') in 0.015218 seconds 
  Import took 0.023876 seconds .

========================================================================
Received Import Request.
  Time since last request: 0.087906 seconds.
  path: Assets/2D Hand Painted/Sample/_PackMeta.asset
  artifactKey: Guid(14a4dfcb815c84d3da3a1ce48068fc4c) Importer(815301076,1909f56bfc062723c751e8b465ee728b)
Start importing Assets/2D Hand Painted/Sample/_PackMeta.asset using Guid(14a4dfcb815c84d3da3a1ce48068fc4c) Importer(815301076,1909f56bfc062723c751e8b465ee728b)  -> (artifact id: '315591a39f97e6a3e9a465c0251277f2') in 0.783899 seconds 
  Import took 0.841276 seconds .

========================================================================
Received Import Request.
  Time since last request: 6.736079 seconds.
  path: Assets/2D Hand Painted/$Common/Materials
  artifactKey: Guid(76df4bf71b14a42efbfa248bd6115819) Importer(815301076,1909f56bfc062723c751e8b465ee728b)
Start importing Assets/2D Hand Painted/$Common/Materials using Guid(76df4bf71b14a42efbfa248bd6115819) Importer(815301076,1909f56bfc062723c751e8b465ee728b)  -> (artifact id: '62855d2b28901ce490eddd0f9f781c87') in 0.008443 seconds 
  Import took 0.013223 seconds .

========================================================================
Received Import Request.
  Time since last request: 0.021602 seconds.
  path: Assets/2D Hand Painted/$Common/Materials
  artifactKey: Guid(76df4bf71b14a42efbfa248bd6115819) Importer(815301076,1909f56bfc062723c751e8b465ee728b)
Start importing Assets/2D Hand Painted/$Common/Materials using Guid(76df4bf71b14a42efbfa248bd6115819) Importer(815301076,1909f56bfc062723c751e8b465ee728b)  -> (artifact id: '62855d2b28901ce490eddd0f9f781c87') in 0.002871 seconds 
  Import took 0.010934 seconds .

========================================================================
Received Import Request.
  Time since last request: 0.086368 seconds.
  path: Assets/2D Hand Painted/$Common/Materials/Hand Painted – Butterfly Particle.mat
  artifactKey: Guid(9241d0a8c6df24bfcb098b2341886eb7) Importer(815301076,1909f56bfc062723c751e8b465ee728b)
Start importing Assets/2D Hand Painted/$Common/Materials/Hand Painted – Butterfly Particle.mat using Guid(9241d0a8c6df24bfcb098b2341886eb7) Importer(815301076,1909f56bfc062723c751e8b465ee728b)  -> (artifact id: 'afad0a5ff294e10c772d35c420a3fd2e') in 1.462190 seconds 
  Import took 1.541873 seconds .

========================================================================
Received Import Request.
  Time since last request: 0.000369 seconds.
  path: Assets/2D Hand Painted/$Common/Materials/Hand Painted – Fire Sparks Particle.mat
  artifactKey: Guid(cb13d7cdb5fad487d94f1f1fcadf9233) Importer(815301076,1909f56bfc062723c751e8b465ee728b)
Start importing Assets/2D Hand Painted/$Common/Materials/Hand Painted – Fire Sparks Particle.mat using Guid(cb13d7cdb5fad487d94f1f1fcadf9233) Importer(815301076,1909f56bfc062723c751e8b465ee728b)  -> (artifact id: '52a03fc2843a26d7374f6abdbb219139') in 0.060981 seconds 
  Import took 0.103121 seconds .

========================================================================
Received Import Request.
  Time since last request: 0.000313 seconds.
  path: Assets/2D Hand Painted/$Common/Materials/Hand Painted – Rays Particle.mat
  artifactKey: Guid(c59deaff87d584d55843d45142033603) Importer(815301076,1909f56bfc062723c751e8b465ee728b)
Start importing Assets/2D Hand Painted/$Common/Materials/Hand Painted – Rays Particle.mat using Guid(c59deaff87d584d55843d45142033603) Importer(815301076,1909f56bfc062723c751e8b465ee728b)  -> (artifact id: '8464aa9e7c738def994eb7b82b63ea23') in 0.060451 seconds 
  Import took 0.097949 seconds .

========================================================================
Received Import Request.
  Time since last request: 0.000392 seconds.
  path: Assets/2D Hand Painted/$Common/Materials/Hand Painted – Dust Particle.mat
  artifactKey: Guid(76c6126eadf594735b7e30360d634404) Importer(815301076,1909f56bfc062723c751e8b465ee728b)
Start importing Assets/2D Hand Painted/$Common/Materials/Hand Painted – Dust Particle.mat using Guid(76c6126eadf594735b7e30360d634404) Importer(815301076,1909f56bfc062723c751e8b465ee728b)  -> (artifact id: '115c7630b295268f3fd2adda120a5c44') in 0.052618 seconds 
  Import took 0.071047 seconds .

========================================================================
Received Import Request.
  Time since last request: 0.000394 seconds.
  path: Assets/2D Hand Painted/$Common/Materials/Hand Painted – Fire Smoke Particle.mat
  artifactKey: Guid(7aebdb4460bc14eaea8f1e9f07ae4dfe) Importer(815301076,1909f56bfc062723c751e8b465ee728b)
Start importing Assets/2D Hand Painted/$Common/Materials/Hand Painted – Fire Smoke Particle.mat using Guid(7aebdb4460bc14eaea8f1e9f07ae4dfe) Importer(815301076,1909f56bfc062723c751e8b465ee728b)  -> (artifact id: 'b6c91b9dda4a75b95681c7908d4fdc10') in 0.240040 seconds 
  Import took 0.248712 seconds .

========================================================================
Received Import Request.
  Time since last request: 0.000687 seconds.
  path: Assets/2D Hand Painted/$Common/Materials/Hand Painted – Glitter Particle.mat
  artifactKey: Guid(9daeb7c012336475a899aac4243cf959) Importer(815301076,1909f56bfc062723c751e8b465ee728b)
Start importing Assets/2D Hand Painted/$Common/Materials/Hand Painted – Glitter Particle.mat using Guid(9daeb7c012336475a899aac4243cf959) Importer(815301076,1909f56bfc062723c751e8b465ee728b)  -> (artifact id: '51d3cc88afd7777dfb13ce89e547a84a') in 0.098219 seconds 
  Import took 0.106619 seconds .

========================================================================
Received Import Request.
  Time since last request: 0.000401 seconds.
  path: Assets/2D Hand Painted/$Common/Materials/Hand Painted – No Fog.mat
  artifactKey: Guid(8ddf5f755b4854bc7ad93092f8d7f666) Importer(815301076,1909f56bfc062723c751e8b465ee728b)
Start importing Assets/2D Hand Painted/$Common/Materials/Hand Painted – No Fog.mat using Guid(8ddf5f755b4854bc7ad93092f8d7f666) Importer(815301076,1909f56bfc062723c751e8b465ee728b)  -> (artifact id: '65a507ba8634ab0493468594011bb6c3') in 0.036194 seconds 
  Import took 0.053458 seconds .

========================================================================
Received Import Request.
  Time since last request: 26.293444 seconds.
  path: Assets/2D Hand Painted/Sample/Shapes/Bridge.asset
  artifactKey: Guid(0d6639680e8674ebeac75b33d5198b23) Importer(815301076,1909f56bfc062723c751e8b465ee728b)
Start importing Assets/2D Hand Painted/Sample/Shapes/Bridge.asset using Guid(0d6639680e8674ebeac75b33d5198b23) Importer(815301076,1909f56bfc062723c751e8b465ee728b)  -> (artifact id: '772e28bf09cd846758cee70a5a0fad4a') in 0.874027 seconds 
  Import took 0.882159 seconds .

========================================================================
Received Import Request.
  Time since last request: 0.000447 seconds.
  path: Assets/2D Hand Painted/Sample/Shapes/Laundry Rope.asset
  artifactKey: Guid(c0d94c8a86dd34881aafa30f67a51a00) Importer(815301076,1909f56bfc062723c751e8b465ee728b)
Start importing Assets/2D Hand Painted/Sample/Shapes/Laundry Rope.asset using Guid(c0d94c8a86dd34881aafa30f67a51a00) Importer(815301076,1909f56bfc062723c751e8b465ee728b)  -> (artifact id: 'f2ec984fa222cf28180fee4c9aa979d7') in 0.014284 seconds 
  Import took 0.040244 seconds .

========================================================================
Received Import Request.
  Time since last request: 0.000399 seconds.
  path: Assets/2D Hand Painted/Sample/Shapes/Grass.asset
  artifactKey: Guid(13152977368044cbe8bf5cfb7202029f) Importer(815301076,1909f56bfc062723c751e8b465ee728b)
Start importing Assets/2D Hand Painted/Sample/Shapes/Grass.asset using Guid(13152977368044cbe8bf5cfb7202029f) Importer(815301076,1909f56bfc062723c751e8b465ee728b)  -> (artifact id: 'de7a2b3e30de0d91d1810e9f3414f7cd') in 0.053178 seconds 
  Import took 0.095714 seconds .

========================================================================
Received Import Request.
  Time since last request: 0.000277 seconds.
  path: Assets/2D Hand Painted/Sample/Textures/LaundryRope2.png
  artifactKey: Guid(5f8de307a486f4683bc228499c4e0caf) Importer(815301076,1909f56bfc062723c751e8b465ee728b)
Start importing Assets/2D Hand Painted/Sample/Textures/LaundryRope2.png using Guid(5f8de307a486f4683bc228499c4e0caf) Importer(815301076,1909f56bfc062723c751e8b465ee728b)  -> (artifact id: '35eb8618deb93073e46616970a9ae8ce') in 2.048793 seconds 
  Import took 2.156621 seconds .

========================================================================
Received Import Request.
  Time since last request: 0.000378 seconds.
  path: Assets/2D Hand Painted/Sample/Textures/Objects.png
  artifactKey: Guid(08a4ea944d8dd4ea1ada9363a03fc25c) Importer(815301076,1909f56bfc062723c751e8b465ee728b)
Start importing Assets/2D Hand Painted/Sample/Textures/Objects.png using Guid(08a4ea944d8dd4ea1ada9363a03fc25c) Importer(815301076,1909f56bfc062723c751e8b465ee728b)  -> (artifact id: 'a391b0018ec9c2f76680273b05396d3a') in 1.123928 seconds 
  Import took 1.141005 seconds .

========================================================================
Received Import Request.
  Time since last request: 0.000346 seconds.
  path: Assets/2D Hand Painted/Sample/Textures/Rocks.png
  artifactKey: Guid(3dcf5845dc6e44dce86b4b5be2d0ff92) Importer(815301076,1909f56bfc062723c751e8b465ee728b)
Start importing Assets/2D Hand Painted/Sample/Textures/Rocks.png using Guid(3dcf5845dc6e44dce86b4b5be2d0ff92) Importer(815301076,1909f56bfc062723c751e8b465ee728b)  -> (artifact id: 'dd24f8f7203414afeaa13649f67c69da') in 0.331011 seconds 
  Import took 0.337001 seconds .

========================================================================
Received Import Request.
  Time since last request: 0.000363 seconds.
  path: Assets/2D Hand Painted/Sample/Shapes/Water Surface.asset
  artifactKey: Guid(608f42148b5d74cacae5b224d54437e7) Importer(815301076,1909f56bfc062723c751e8b465ee728b)
Start importing Assets/2D Hand Painted/Sample/Shapes/Water Surface.asset using Guid(608f42148b5d74cacae5b224d54437e7) Importer(815301076,1909f56bfc062723c751e8b465ee728b)  -> (artifact id: '4cd14ea500ff7f998050dc6d14840f7b') in 0.013619 seconds 
  Import took 0.019890 seconds .

========================================================================
Received Import Request.
  Time since last request: 0.000278 seconds.
  path: Assets/2D Hand Painted/Sample/Textures/ComposedHouse2.png
  artifactKey: Guid(bc8be85fa11cb4a8a94a04181838c6f1) Importer(815301076,1909f56bfc062723c751e8b465ee728b)
Start importing Assets/2D Hand Painted/Sample/Textures/ComposedHouse2.png using Guid(bc8be85fa11cb4a8a94a04181838c6f1) Importer(815301076,1909f56bfc062723c751e8b465ee728b)  -> (artifact id: 'dcf1f7beb0182f9e7fa17a540125b7ce') in 0.152364 seconds 
  Import took 0.157368 seconds .

========================================================================
Received Import Request.
  Time since last request: 0.000316 seconds.
  path: Assets/2D Hand Painted/Sample/Textures/Clouds.png
  artifactKey: Guid(8fdfc13fbd6074c1e9105cceaa49f23f) Importer(815301076,1909f56bfc062723c751e8b465ee728b)
Start importing Assets/2D Hand Painted/Sample/Textures/Clouds.png using Guid(8fdfc13fbd6074c1e9105cceaa49f23f) Importer(815301076,1909f56bfc062723c751e8b465ee728b)  -> (artifact id: 'a33588cc8efdee96c5302d1fe3619721') in 0.211814 seconds 
  Import took 0.251497 seconds .

========================================================================
Received Import Request.
  Time since last request: 0.000326 seconds.
  path: Assets/2D Hand Painted/Sample/Textures/ShapeBridge.png
  artifactKey: Guid(9ea8801975e4840759a061a599292303) Importer(815301076,1909f56bfc062723c751e8b465ee728b)
Start importing Assets/2D Hand Painted/Sample/Textures/ShapeBridge.png using Guid(9ea8801975e4840759a061a599292303) Importer(815301076,1909f56bfc062723c751e8b465ee728b)  -> (artifact id: '980b17ac4423ba9b467f20152651f0e3') in 0.086116 seconds 
  Import took 0.119600 seconds .

========================================================================
Received Import Request.
  Time since last request: 0.000376 seconds.
  path: Assets/2D Hand Painted/Sample/Textures/Plants.png
  artifactKey: Guid(24215a68a51894a61bc7e10731e4a8e5) Importer(815301076,1909f56bfc062723c751e8b465ee728b)
Start importing Assets/2D Hand Painted/Sample/Textures/Plants.png using Guid(24215a68a51894a61bc7e10731e4a8e5) Importer(815301076,1909f56bfc062723c751e8b465ee728b)  -> (artifact id: 'c5a0e1d6962f1183c5cc6276a91d300d') in 0.625136 seconds 
  Import took 0.630700 seconds .

========================================================================
Received Import Request.
  Time since last request: 0.000333 seconds.
  path: Assets/2D Hand Painted/Sample/Textures/RockFill.png
  artifactKey: Guid(e4f53cc8df63f41b694d141490f21397) Importer(815301076,1909f56bfc062723c751e8b465ee728b)
Start importing Assets/2D Hand Painted/Sample/Textures/RockFill.png using Guid(e4f53cc8df63f41b694d141490f21397) Importer(815301076,1909f56bfc062723c751e8b465ee728b)  -> (artifact id: '2fbc059334ed904d8a4a8846585ee77e') in 0.054937 seconds 
  Import took 0.079000 seconds .

========================================================================
Received Import Request.
  Time since last request: 0.000323 seconds.
  path: Assets/2D Hand Painted/Sample/Textures/ComposedHouse1.png
  artifactKey: Guid(dda1f7e2b80e14fd69637ef91b4e4606) Importer(815301076,1909f56bfc062723c751e8b465ee728b)
Start importing Assets/2D Hand Painted/Sample/Textures/ComposedHouse1.png using Guid(dda1f7e2b80e14fd69637ef91b4e4606) Importer(815301076,1909f56bfc062723c751e8b465ee728b)  -> (artifact id: '58a7e162a27ea6a813b7f4f0884373f0') in 0.099328 seconds 
  Import took 0.126515 seconds .

========================================================================
Received Import Request.
  Time since last request: 0.000314 seconds.
  path: Assets/2D Hand Painted/Sample/Textures/GrassFill.png
  artifactKey: Guid(ceac5547e6e6c475e94b98e65647fb4a) Importer(815301076,1909f56bfc062723c751e8b465ee728b)
Start importing Assets/2D Hand Painted/Sample/Textures/GrassFill.png using Guid(ceac5547e6e6c475e94b98e65647fb4a) Importer(815301076,1909f56bfc062723c751e8b465ee728b)  -> (artifact id: '063c6647592211c8724e26290f246024') in 0.083044 seconds 
  Import took 0.107785 seconds .

========================================================================
Received Import Request.
  Time since last request: 0.000375 seconds.
  path: Assets/2D Hand Painted/Sample/Textures/Bubbles.png
  artifactKey: Guid(77966d6b34ca649ed8e9304d54daa42b) Importer(815301076,1909f56bfc062723c751e8b465ee728b)
Start importing Assets/2D Hand Painted/Sample/Textures/Bubbles.png using Guid(77966d6b34ca649ed8e9304d54daa42b) Importer(815301076,1909f56bfc062723c751e8b465ee728b)  -> (artifact id: 'f6a86facbaa5debad5f38983e8e5e9ae') in 0.072349 seconds 
  Import took 0.133300 seconds .

========================================================================
Received Import Request.
  Time since last request: 0.000328 seconds.
  path: Assets/2D Hand Painted/Sample/Textures/Sky.png
  artifactKey: Guid(72e8ecf46cb6547f8b781aed7dc1cdac) Importer(815301076,1909f56bfc062723c751e8b465ee728b)
Start importing Assets/2D Hand Painted/Sample/Textures/Sky.png using Guid(72e8ecf46cb6547f8b781aed7dc1cdac) Importer(815301076,1909f56bfc062723c751e8b465ee728b)  -> (artifact id: '62bd1aace119e061074db95ac753f421') in 0.162261 seconds 
  Import took 0.183728 seconds .

========================================================================
Received Import Request.
  Time since last request: 0.000409 seconds.
  path: Assets/2D Hand Painted/Sample/Shapes/Water.asset
  artifactKey: Guid(1370c1a6ea6aa4da082a04ea3c9291e1) Importer(815301076,1909f56bfc062723c751e8b465ee728b)
Start importing Assets/2D Hand Painted/Sample/Shapes/Water.asset using Guid(1370c1a6ea6aa4da082a04ea3c9291e1) Importer(815301076,1909f56bfc062723c751e8b465ee728b)  -> (artifact id: 'be57200ca7c62aa99a0ed3ea99120501') in 0.019488 seconds 
  Import took 0.026326 seconds .

========================================================================
Received Import Request.
  Time since last request: 0.000384 seconds.
  path: Assets/2D Hand Painted/Sample/Shapes/Ground.asset
  artifactKey: Guid(6c104d388f0e04ec58f1bee2124117c8) Importer(815301076,1909f56bfc062723c751e8b465ee728b)
Start importing Assets/2D Hand Painted/Sample/Shapes/Ground.asset using Guid(6c104d388f0e04ec58f1bee2124117c8) Importer(815301076,1909f56bfc062723c751e8b465ee728b)  -> (artifact id: '7caacadabc441c7383f0deb3a5867f0d') in 0.026033 seconds 
  Import took 0.050010 seconds .

========================================================================
Received Import Request.
  Time since last request: 0.000483 seconds.
  path: Assets/2D Hand Painted/Sample/Textures/Ground.png
  artifactKey: Guid(27aab1fb267c74b58bcbbe0cae5769a5) Importer(815301076,1909f56bfc062723c751e8b465ee728b)
Start importing Assets/2D Hand Painted/Sample/Textures/Ground.png using Guid(27aab1fb267c74b58bcbbe0cae5769a5) Importer(815301076,1909f56bfc062723c751e8b465ee728b)  -> (artifact id: '63e2eab63690c7232ec07e53508d9163') in 0.123206 seconds 
  Import took 0.147195 seconds .

========================================================================
Received Import Request.
  Time since last request: 12.511693 seconds.
  path: Assets/2D Hand Painted/$Common/Editor/Settings Gizmo.png
  artifactKey: Guid(d5350867cdf804b71a0c9087f9aa4664) Importer(815301076,1909f56bfc062723c751e8b465ee728b)
Start importing Assets/2D Hand Painted/$Common/Editor/Settings Gizmo.png using Guid(d5350867cdf804b71a0c9087f9aa4664) Importer(815301076,1909f56bfc062723c751e8b465ee728b)  -> (artifact id: '6758024155e89ba5bb173c12ac5950bf') in 0.061944 seconds 
  Import took 0.084348 seconds .

========================================================================
Received Import Request.
  Time since last request: 7.779681 seconds.
  path: Assets/2D Hand Painted/$Common/Shaders/Amplify Functions/DustStream.asset
  artifactKey: Guid(3c1f1e53fb7d44a4da7159d8ef80c674) Importer(815301076,1909f56bfc062723c751e8b465ee728b)
Start importing Assets/2D Hand Painted/$Common/Shaders/Amplify Functions/DustStream.asset using Guid(3c1f1e53fb7d44a4da7159d8ef80c674) Importer(815301076,1909f56bfc062723c751e8b465ee728b)  -> (artifact id: 'f28f4506eaf115280e2e82dde9eddf69') in 0.101890 seconds 
  Import took 0.107619 seconds .

========================================================================
Received Import Request.
  Time since last request: 0.000372 seconds.
  path: Assets/2D Hand Painted/$Common/Shaders/Amplify Functions/Fog.asset
  artifactKey: Guid(0af4f8e64e08f404a8159464b51699d5) Importer(815301076,1909f56bfc062723c751e8b465ee728b)
Start importing Assets/2D Hand Painted/$Common/Shaders/Amplify Functions/Fog.asset using Guid(0af4f8e64e08f404a8159464b51699d5) Importer(815301076,1909f56bfc062723c751e8b465ee728b)  -> (artifact id: '393abe4d392f933247c22d727557d485') in 0.014202 seconds 
  Import took 0.020516 seconds .

========================================================================
Received Import Request.
  Time since last request: 0.000284 seconds.
  path: Assets/2D Hand Painted/$Common/Shaders/Amplify Functions/WaterWaves.asset
  artifactKey: Guid(120fe54e436f84d8da347431cb1444c1) Importer(815301076,1909f56bfc062723c751e8b465ee728b)
Start importing Assets/2D Hand Painted/$Common/Shaders/Amplify Functions/WaterWaves.asset using Guid(120fe54e436f84d8da347431cb1444c1) Importer(815301076,1909f56bfc062723c751e8b465ee728b)  -> (artifact id: '8b43cb13bee6f1721ed79479cd7550ec') in 0.061037 seconds 
  Import took 0.118012 seconds .

========================================================================
Received Import Request.
  Time since last request: 0.000336 seconds.
  path: Assets/2D Hand Painted/$Common/Shaders/Amplify Functions/WindShape.asset
  artifactKey: Guid(e41bb9742db9747028d4e1d360ba1005) Importer(815301076,1909f56bfc062723c751e8b465ee728b)
Start importing Assets/2D Hand Painted/$Common/Shaders/Amplify Functions/WindShape.asset using Guid(e41bb9742db9747028d4e1d360ba1005) Importer(815301076,1909f56bfc062723c751e8b465ee728b)  -> (artifact id: '475be8acbea1c260386e9945ac0270bb') in 0.016810 seconds 
  Import took 0.023591 seconds .

========================================================================
Received Import Request.
  Time since last request: 0.000774 seconds.
  path: Assets/2D Hand Painted/$Common/Shaders/Amplify Functions/Flame.asset
  artifactKey: Guid(9fc766ece6f51465e80cc609576ec4dd) Importer(815301076,1909f56bfc062723c751e8b465ee728b)
Start importing Assets/2D Hand Painted/$Common/Shaders/Amplify Functions/Flame.asset using Guid(9fc766ece6f51465e80cc609576ec4dd) Importer(815301076,1909f56bfc062723c751e8b465ee728b)  -> (artifact id: '66e444b7203021bc6b55d255af836ee4') in 0.024277 seconds 
  Import took 0.036233 seconds .

========================================================================
Received Import Request.
  Time since last request: 0.000606 seconds.
  path: Assets/2D Hand Painted/$Common/Shaders/Amplify Functions/WaterStream.asset
  artifactKey: Guid(9761f418b14274a2a9155ba687d5fd8a) Importer(815301076,1909f56bfc062723c751e8b465ee728b)
Start importing Assets/2D Hand Painted/$Common/Shaders/Amplify Functions/WaterStream.asset using Guid(9761f418b14274a2a9155ba687d5fd8a) Importer(815301076,1909f56bfc062723c751e8b465ee728b)  -> (artifact id: '9cf47969a808945fb4f04d2ab2fb8aa8') in 0.014931 seconds 
  Import took 0.025060 seconds .

========================================================================
Received Import Request.
  Time since last request: 0.000471 seconds.
  path: Assets/2D Hand Painted/$Common/Shaders/Amplify Functions/WindSprite.asset
  artifactKey: Guid(97e1bfadcd8a346f08e4f26c39db68a1) Importer(815301076,1909f56bfc062723c751e8b465ee728b)
Start importing Assets/2D Hand Painted/$Common/Shaders/Amplify Functions/WindSprite.asset using Guid(97e1bfadcd8a346f08e4f26c39db68a1) Importer(815301076,1909f56bfc062723c751e8b465ee728b)  -> (artifact id: '84e6073aa0819b7b4296505e00f64ca0') in 0.020478 seconds 
  Import took 0.031015 seconds .

========================================================================
Received Import Request.
  Time since last request: 0.000143 seconds.
  path: Assets/2D Hand Painted/$Common/Shaders/Amplify Functions/GlowZones.asset
  artifactKey: Guid(fd2471ad38c944b778b5fb7882d6940a) Importer(815301076,1909f56bfc062723c751e8b465ee728b)
Start importing Assets/2D Hand Painted/$Common/Shaders/Amplify Functions/GlowZones.asset using Guid(fd2471ad38c944b778b5fb7882d6940a) Importer(815301076,1909f56bfc062723c751e8b465ee728b)  -> (artifact id: '9383f05961e0ec1338224f24c282c8f3') in 0.047852 seconds 
  Import took 0.090713 seconds .

========================================================================
Received Import Request.
  Time since last request: 3.028030 seconds.
  path: Assets/2D Hand Painted/$Common/Textures/butterflies.png
  artifactKey: Guid(eed5d93207e654120b3a4956816c9b73) Importer(815301076,1909f56bfc062723c751e8b465ee728b)
Start importing Assets/2D Hand Painted/$Common/Textures/butterflies.png using Guid(eed5d93207e654120b3a4956816c9b73) Importer(815301076,1909f56bfc062723c751e8b465ee728b)  -> (artifact id: '47c6134fb7e437f1e4c9cb3d26125b29') in 0.075711 seconds 
  Import took 0.122419 seconds .

========================================================================
Received Import Request.
  Time since last request: 0.003340 seconds.
  path: Assets/2D Hand Painted/$Common/Textures/butterflies.png
  artifactKey: Guid(eed5d93207e654120b3a4956816c9b73) Importer(815301076,1909f56bfc062723c751e8b465ee728b)
Start importing Assets/2D Hand Painted/$Common/Textures/butterflies.png using Guid(eed5d93207e654120b3a4956816c9b73) Importer(815301076,1909f56bfc062723c751e8b465ee728b)  -> (artifact id: '47c6134fb7e437f1e4c9cb3d26125b29') in 0.013480 seconds 
  Import took 0.023622 seconds .

========================================================================
Received Import Request.
  Time since last request: 9.387437 seconds.
  path: Assets/2D Hand Painted/Sample/Materials/Sample – Flame.mat
  artifactKey: Guid(1325416747794420e996bd240c0f7196) Importer(815301076,1909f56bfc062723c751e8b465ee728b)
Start importing Assets/2D Hand Painted/Sample/Materials/Sample – Flame.mat using Guid(1325416747794420e996bd240c0f7196) Importer(815301076,1909f56bfc062723c751e8b465ee728b)  -> (artifact id: 'b3da660cf6a8a20b8eecb2e25b6b9b19') in 0.072909 seconds 
  Import took 0.080067 seconds .

========================================================================
Received Import Request.
  Time since last request: 0.000373 seconds.
  path: Assets/2D Hand Painted/Sample/Materials/Sample – Water (Shape).mat
  artifactKey: Guid(deeb3de38beb746e0b58ad2d63c7b90e) Importer(815301076,1909f56bfc062723c751e8b465ee728b)
Start importing Assets/2D Hand Painted/Sample/Materials/Sample – Water (Shape).mat using Guid(deeb3de38beb746e0b58ad2d63c7b90e) Importer(815301076,1909f56bfc062723c751e8b465ee728b)  -> (artifact id: 'b1141e1a75343ef64a59b69711ebcb1d') in 0.051454 seconds 
  Import took 0.056647 seconds .

========================================================================
Received Import Request.
  Time since last request: 0.000398 seconds.
  path: Assets/2D Hand Painted/Sample/Materials/Sample – Wind (Shape).mat
  artifactKey: Guid(bf2f57a37dcf2439a99a9164ba415d5c) Importer(815301076,1909f56bfc062723c751e8b465ee728b)
Start importing Assets/2D Hand Painted/Sample/Materials/Sample – Wind (Shape).mat using Guid(bf2f57a37dcf2439a99a9164ba415d5c) Importer(815301076,1909f56bfc062723c751e8b465ee728b)  -> (artifact id: 'ccce622380ce637816481c2b219d6d4d') in 0.050465 seconds 
  Import took 0.056668 seconds .

========================================================================
Received Import Request.
  Time since last request: 0.000321 seconds.
  path: Assets/2D Hand Painted/Sample/Materials/Sample – Wind.mat
  artifactKey: Guid(20c7b7947333d43ef9ba6d6b75609769) Importer(815301076,1909f56bfc062723c751e8b465ee728b)
Start importing Assets/2D Hand Painted/Sample/Materials/Sample – Wind.mat using Guid(20c7b7947333d43ef9ba6d6b75609769) Importer(815301076,1909f56bfc062723c751e8b465ee728b)  -> (artifact id: '2d4e2108124260f474c8eb453118df1d') in 0.031941 seconds 
  Import took 0.047050 seconds .

========================================================================
Received Import Request.
  Time since last request: 0.000421 seconds.
  path: Assets/2D Hand Painted/Sample/Materials/Sample – Bubble Particle.mat
  artifactKey: Guid(a25c710f481fd4d86a7162fc14fe64fe) Importer(815301076,1909f56bfc062723c751e8b465ee728b)
Start importing Assets/2D Hand Painted/Sample/Materials/Sample – Bubble Particle.mat using Guid(a25c710f481fd4d86a7162fc14fe64fe) Importer(815301076,1909f56bfc062723c751e8b465ee728b)  -> (artifact id: '3ca8306b4842310ebb32e5d7e6c0b5e2') in 0.084068 seconds 
  Import took 0.158888 seconds .

========================================================================
Received Import Request.
  Time since last request: 0.000329 seconds.
  path: Assets/2D Hand Painted/Sample/Materials/Sample.mat
  artifactKey: Guid(9eba74e77f1a3415ea0cd6408a2f8751) Importer(815301076,1909f56bfc062723c751e8b465ee728b)
Start importing Assets/2D Hand Painted/Sample/Materials/Sample.mat using Guid(9eba74e77f1a3415ea0cd6408a2f8751) Importer(815301076,1909f56bfc062723c751e8b465ee728b)  -> (artifact id: 'f67e62352e153a948e5d980ec3bd68ab') in 0.016905 seconds 
  Import took 0.024760 seconds .

========================================================================
Received Import Request.
  Time since last request: 1.061719 seconds.
  path: Assets/2D Hand Painted/$Common/Textures/Fire Noise.png
  artifactKey: Guid(4c5d6718f9f834278be63ecee43fa89b) Importer(815301076,1909f56bfc062723c751e8b465ee728b)
Start importing Assets/2D Hand Painted/$Common/Textures/Fire Noise.png using Guid(4c5d6718f9f834278be63ecee43fa89b) Importer(815301076,1909f56bfc062723c751e8b465ee728b)  -> (artifact id: 'f609a08f484f7b5e4b285fa19c26973a') in 0.089925 seconds 
  Import took 0.176297 seconds .

========================================================================
Received Import Request.
  Time since last request: 50.744326 seconds.
  path: Assets/2D Hand Painted/Sample/Textures/WaterBackground.png
  artifactKey: Guid(d2b7416f1f938443fbf8b7f8551e8981) Importer(815301076,1909f56bfc062723c751e8b465ee728b)
Start importing Assets/2D Hand Painted/Sample/Textures/WaterBackground.png using Guid(d2b7416f1f938443fbf8b7f8551e8981) Importer(815301076,1909f56bfc062723c751e8b465ee728b)  -> (artifact id: '1e9e65dee0b3cd41c410342b40565980') in 0.152082 seconds 
  Import took 0.176607 seconds .

========================================================================
Received Import Request.
  Time since last request: 0.000368 seconds.
  path: Assets/2D Hand Painted/Sample/Textures/WaterSurface.png
  artifactKey: Guid(70d469d79033647b4bc7772ce58a8ba9) Importer(815301076,1909f56bfc062723c751e8b465ee728b)
Start importing Assets/2D Hand Painted/Sample/Textures/WaterSurface.png using Guid(70d469d79033647b4bc7772ce58a8ba9) Importer(815301076,1909f56bfc062723c751e8b465ee728b)  -> (artifact id: '1f99636f7b5d57a0e60a90752d8fded6') in 0.079682 seconds 
  Import took 0.105216 seconds .

========================================================================
Received Import Request.
  Time since last request: 122.394030 seconds.
  path: Assets/2D Hand Painted/Sample/Textures/ComposedHouse1.png
  artifactKey: Guid(dda1f7e2b80e14fd69637ef91b4e4606) Importer(815301076,1909f56bfc062723c751e8b465ee728b)
Start importing Assets/2D Hand Painted/Sample/Textures/ComposedHouse1.png using Guid(dda1f7e2b80e14fd69637ef91b4e4606) Importer(815301076,1909f56bfc062723c751e8b465ee728b)  -> (artifact id: 'b74c8d3b7fba8a96a7ef0eec987ba88a') in 0.149598 seconds 
  Import took 0.159958 seconds .

========================================================================
Received Prepare
Registering precompiled user dll's ...
Registered in 0.609186 seconds.
Begin MonoManager ReloadAssembly
Native extension for WindowsStandalone target not found
Refreshing native plugins compatible for Editor in 1.91 ms, found 3 plugins.
Preloading 0 native plugins for Editor in 0.00 ms.
Mono: successfully reloaded assembly
- Completed reload, in 24.805 seconds
Platform modules already initialized, skipping
Refreshing native plugins compatible for Editor in 0.97 ms, found 3 plugins.
Preloading 0 native plugins for Editor in 0.00 ms.
Unloading 2075 Unused Serialized files (Serialized files now loaded: 0)
System memory in use before: 96.8 MB.
System memory in use after: 96.8 MB.

Unloading 21 unused Assets to reduce memory usage. Loaded Objects now: 2714.
Total: 158.380500 ms (FindLiveObjects: 12.095000 ms CreateObjectMapping: 0.313900 ms MarkObjects: 142.191200 ms  DeleteObjects: 3.778200 ms)

AssetImportParameters requested are different than current active one (requested -> active):
  custom:framework-win-MediaFoundation: 216162199b28c13a410421893ffa2e32 -> 
  custom:video-decoder-ogg-theora: a1e56fd34408186e4bbccfd4996cb3dc -> 
  custom:container-muxer-webm: aa71ff27fc2769a1b78a27578f13a17b -> 
  custom:container-demuxer-webm: 4f35f7cbe854078d1ac9338744f61a02 -> 
  custom:container-demuxer-ogg: 62fdf1f143b41e24485cea50d1cbac27 -> 
  custom:video-encoder-webm-vp8: eb34c28f22e8b96e1ab97ce403110664 -> 
  custom:video-codec-MediaFoundation-h265: 746d11721c4dcdbdad8f713fa42b33f4 -> 
  custom:video-decoder-webm-vp8: 9c59270c3fd7afecdb556c50c9e8de78 -> 
  custom:audio-decoder-ogg-vorbis: bf7c407c2cedff20999df2af8eb42d56 -> 
  custom:audio-encoder-webm-vorbis: bf7c407c2cedff20999df2af8eb42d56 -> 
========================================================================
Received Import Request.
  Time since last request: 658.163991 seconds.
  path: Assets/Cainos/Pixel Art Platformer - Village Props
  artifactKey: Guid(1f08d781702466b438d35aa7938d8030) Importer(815301076,1909f56bfc062723c751e8b465ee728b)
Start importing Assets/Cainos/Pixel Art Platformer - Village Props using Guid(1f08d781702466b438d35aa7938d8030) Importer(815301076,1909f56bfc062723c751e8b465ee728b)  -> (artifact id: 'a0d0ee06777279a5df54c5441e1b0263') in 0.223671 seconds 
  Import took 0.229632 seconds .

========================================================================
Received Import Request.
  Time since last request: 0.734861 seconds.
  path: Assets/Cainos/Pixel Art Platformer - Village Props/Material
  artifactKey: Guid(9ac4b6a5224288540a1d038f5d6101e2) Importer(815301076,1909f56bfc062723c751e8b465ee728b)
Start importing Assets/Cainos/Pixel Art Platformer - Village Props/Material using Guid(9ac4b6a5224288540a1d038f5d6101e2) Importer(815301076,1909f56bfc062723c751e8b465ee728b)  -> (artifact id: '4c18b5780d5490fccb1b547db360be69') in 0.032448 seconds 
  Import took 0.039339 seconds .

========================================================================
Received Import Request.
  Time since last request: 1.008381 seconds.
  path: Assets/Cainos/Pixel Art Platformer - Village Props/Material/MT FX Particle Torch Fire.mat
  artifactKey: Guid(dce4faabfa7d00147bb7d853e5c1fbf3) Importer(815301076,1909f56bfc062723c751e8b465ee728b)
Start importing Assets/Cainos/Pixel Art Platformer - Village Props/Material/MT FX Particle Torch Fire.mat using Guid(dce4faabfa7d00147bb7d853e5c1fbf3) Importer(815301076,1909f56bfc062723c751e8b465ee728b)  -> (artifact id: 'c90ff633051c9112fb31050bc976cbd0') in 2.655165 seconds 
  Import took 2.661083 seconds .

========================================================================
Received Import Request.
  Time since last request: 0.000411 seconds.
  path: Assets/Cainos/Pixel Art Platformer - Village Props/Material/MT FX Particle Torch Spark.mat
  artifactKey: Guid(23524a906e8f5eb4384f92eb87af52f4) Importer(815301076,1909f56bfc062723c751e8b465ee728b)
Start importing Assets/Cainos/Pixel Art Platformer - Village Props/Material/MT FX Particle Torch Spark.mat using Guid(23524a906e8f5eb4384f92eb87af52f4) Importer(815301076,1909f56bfc062723c751e8b465ee728b)  -> (artifact id: '225e68a24654691f4aedb68393def03a') in 0.101268 seconds 
  Import took 0.107469 seconds .

========================================================================
Received Import Request.
  Time since last request: 0.000390 seconds.
  path: Assets/Cainos/Pixel Art Platformer - Village Props/Material/MT FX Particle Torch Glow.mat
  artifactKey: Guid(6c48dc6ed4cda324b83bb2391ca6fb9a) Importer(815301076,1909f56bfc062723c751e8b465ee728b)
Start importing Assets/Cainos/Pixel Art Platformer - Village Props/Material/MT FX Particle Torch Glow.mat using Guid(6c48dc6ed4cda324b83bb2391ca6fb9a) Importer(815301076,1909f56bfc062723c751e8b465ee728b)  -> (artifact id: 'fe71cf4db70b34234b34505600ccff49') in 0.061986 seconds 
  Import took 0.067970 seconds .

========================================================================
Received Import Request.
  Time since last request: 0.000258 seconds.
  path: Assets/Cainos/Pixel Art Platformer - Village Props/Material/MT FX Particle Torch Spark.mat
  artifactKey: Guid(23524a906e8f5eb4384f92eb87af52f4) Importer(815301076,1909f56bfc062723c751e8b465ee728b)
Start importing Assets/Cainos/Pixel Art Platformer - Village Props/Material/MT FX Particle Torch Spark.mat using Guid(23524a906e8f5eb4384f92eb87af52f4) Importer(815301076,1909f56bfc062723c751e8b465ee728b)  -> (artifact id: '225e68a24654691f4aedb68393def03a') in 0.017852 seconds 
  Import took 0.028195 seconds .

========================================================================
Received Import Request.
  Time since last request: 6.120683 seconds.
  path: Assets/Cainos/Pixel Art Platformer - Village Props/Texture
  artifactKey: Guid(4fb7661537e28884697bca33184bdaa0) Importer(815301076,1909f56bfc062723c751e8b465ee728b)
Start importing Assets/Cainos/Pixel Art Platformer - Village Props/Texture using Guid(4fb7661537e28884697bca33184bdaa0) Importer(815301076,1909f56bfc062723c751e8b465ee728b)  -> (artifact id: '49218b2e2a296db1cad4179661b2a9fb') in 0.011616 seconds 
  Import took 0.021277 seconds .

========================================================================
Received Import Request.
  Time since last request: 0.001498 seconds.
  path: Assets/Cainos/Pixel Art Platformer - Village Props/Texture
  artifactKey: Guid(4fb7661537e28884697bca33184bdaa0) Importer(815301076,1909f56bfc062723c751e8b465ee728b)
Start importing Assets/Cainos/Pixel Art Platformer - Village Props/Texture using Guid(4fb7661537e28884697bca33184bdaa0) Importer(815301076,1909f56bfc062723c751e8b465ee728b)  -> (artifact id: '49218b2e2a296db1cad4179661b2a9fb') in 0.006469 seconds 
  Import took 0.016223 seconds .

========================================================================
Received Import Request.
  Time since last request: 0.186979 seconds.
  path: Assets/Cainos/Pixel Art Platformer - Village Props/Texture/TX Background Grid.png
  artifactKey: Guid(4525736a9d0538940bce8f13f1227b26) Importer(815301076,1909f56bfc062723c751e8b465ee728b)
Start importing Assets/Cainos/Pixel Art Platformer - Village Props/Texture/TX Background Grid.png using Guid(4525736a9d0538940bce8f13f1227b26) Importer(815301076,1909f56bfc062723c751e8b465ee728b)  -> (artifact id: 'f1356049b4987f1ab94b0ca3938456c5') in 0.150714 seconds 
  Import took 0.159609 seconds .

========================================================================
Received Import Request.
  Time since last request: 0.000298 seconds.
  path: Assets/Cainos/Pixel Art Platformer - Village Props/Texture/TX Particle Flame.png
  artifactKey: Guid(cfcfd3af954eeb54cb041fe6d75a983b) Importer(815301076,1909f56bfc062723c751e8b465ee728b)
Start importing Assets/Cainos/Pixel Art Platformer - Village Props/Texture/TX Particle Flame.png using Guid(cfcfd3af954eeb54cb041fe6d75a983b) Importer(815301076,1909f56bfc062723c751e8b465ee728b)  -> (artifact id: '29e8cbfd73e5a2118f525430884e0f6a') in 0.183119 seconds 
  Import took 0.188954 seconds .

========================================================================
Received Import Request.
  Time since last request: 0.000283 seconds.
  path: Assets/Cainos/Pixel Art Platformer - Village Props/Texture/TX Tileset Ground.png
  artifactKey: Guid(bb35af95735851440927571ef230221b) Importer(815301076,1909f56bfc062723c751e8b465ee728b)
Start importing Assets/Cainos/Pixel Art Platformer - Village Props/Texture/TX Tileset Ground.png using Guid(bb35af95735851440927571ef230221b) Importer(815301076,1909f56bfc062723c751e8b465ee728b)  -> (artifact id: '8bd5a3b5bd8129f3166c5aa0c662e09c') in 0.193107 seconds 
  Import took 0.200250 seconds .

========================================================================
Received Import Request.
  Time since last request: 0.000260 seconds.
  path: Assets/Cainos/Pixel Art Platformer - Village Props/Texture/TX Village Props.png
  artifactKey: Guid(7810966f0f690954c87305933cabf2b0) Importer(815301076,1909f56bfc062723c751e8b465ee728b)
Start importing Assets/Cainos/Pixel Art Platformer - Village Props/Texture/TX Village Props.png using Guid(7810966f0f690954c87305933cabf2b0) Importer(815301076,1909f56bfc062723c751e8b465ee728b)  -> (artifact id: 'd6df726575e22f6b1de712bc2df7808e') in 0.937912 seconds 
  Import took 0.944721 seconds .

========================================================================
Received Import Request.
  Time since last request: 0.000256 seconds.
  path: Assets/Cainos/Pixel Art Platformer - Village Props/Texture/TX Tileset Ground Darken.png
  artifactKey: Guid(157cbc340d2b7e64ab85168e80e95550) Importer(815301076,1909f56bfc062723c751e8b465ee728b)
Start importing Assets/Cainos/Pixel Art Platformer - Village Props/Texture/TX Tileset Ground Darken.png using Guid(157cbc340d2b7e64ab85168e80e95550) Importer(815301076,1909f56bfc062723c751e8b465ee728b)  -> (artifact id: 'dc2fab95ad34d74c9a64aeb484c286e1') in 0.197742 seconds 
  Import took 0.206005 seconds .

AssetImportWorkerClient::OnTransportError - code=2 error=End of file
